T062C 000:000.501   SEGGER J-Link V7.96a Log File
T062C 000:000.646   DLL Compiled: Mar 14 2024 17:11:32
T062C 000:000.658   Logging started @ 2024-09-06 07:42
T062C 000:000.669   Process: C:\Users\Tu\.eclipse\com.renesas.platform_1211965001\DebugComp\RA\e2-server-gdb.exe
T062C 000:000.682 - 0.681ms
T062C 000:000.701 JLINK_GetDLLVersion()
T062C 000:000.714 - 0.012ms returns 79601
T062C 000:056.216 JLINK_OpenEx(...)
T062C 000:061.066   Firmware: J-Link OB-RA4M2 compiled Apr 23 2024 10:48:30
T062C 000:065.288   Firmware: J-Link OB-RA4M2 compiled Apr 23 2024 10:48:30
T062C 000:090.638   Hardware: V1.00
T062C 000:090.690   S/N: 1080305546
T062C 000:090.708   OEM: SEGGER
T062C 000:090.729   Feature(s): None
T062C 000:093.079   Bootloader: 2021 May 14
T062C 000:093.938   USB speed mode: Full speed (12 MBit/s)
T062C 000:094.383   TELNET listener socket opened on port 19021
T062C 000:094.581   WEBSRV WEBSRV_Init(): Starting webserver thread(s)
T062C 000:094.748   WEBSRV Webserver running on local port 19080
T062C 000:094.866   Looking for J-Link GUI Server exe at: C:\Users\Tu\.eclipse\com.renesas.platform_1211965001\DebugComp\RA\ARM\Segger_v7.96.1\JLinkGUIServer.exe
T062C 000:094.982   Looking for J-Link GUI Server exe at: C:\Users\Tu\SEGGER\JLink_V796g\JLinkGUIServer.exe
T062C 000:095.061   Forking J-Link GUI Server: C:\Users\Tu\SEGGER\JLink_V796g\JLinkGUIServer.exe
T062C 000:405.511   Failed to connect to J-Link GUI Server.
T062C 000:405.540 - 349.319ms returns "O.K."
T062C 000:405.620 JLINK_TIF_Select(JLINKARM_TIF_SWD)
T062C 000:406.632 - 1.011ms returns 0x00
T062C 000:406.649 JLINK_ClrRESET()
T062C 000:407.032 - 0.383ms
T062C 000:457.649 JLINK_SetSpeed(1500)
T062C 000:457.925 - 0.279ms
T062C 000:457.942 JLINK_CORESIGHT_Configure(PerformTIFInit=0)
T062C 000:458.759 - 0.816ms returns 0
T062C 000:458.788 JLINK_CORESIGHT_ReadAPDPReg(DP reg 0x00)
T062C 000:459.643   Value=0x6BA02477
T062C 000:459.656 - 0.869ms returns 0
T062C 000:459.672 JLINK_CORESIGHT_WriteAPDPReg(DP reg 0x00, 0x0000001F)
T062C 000:460.042 - 0.369ms returns 0
T062C 000:460.058 JLINK_CORESIGHT_ReadAPDPReg(DP reg 0x00)
T062C 000:460.353   Value=0x6BA02477
T062C 000:460.366 - 0.307ms returns 0
T062C 000:460.377 JLINK_CORESIGHT_WriteAPDPReg(DP reg 0x02, 0x00000000)
T062C 000:460.690 - 0.313ms returns 0
T062C 000:460.707 JLINK_CORESIGHT_WriteAPDPReg(DP reg 0x01, 0x50000000)
T062C 000:461.004 - 0.297ms returns 0
T062C 000:461.317 JLINK_CORESIGHT_ReadAPDPReg(DP reg 0x01)
T062C 000:461.588   Value=0xF0000000
T062C 000:461.601 - 0.284ms returns 0
T062C 000:461.608 JLINK_CORESIGHT_WriteAPDPReg(DP reg 0x00, 0x0000001F)
T062C 000:461.900 - 0.292ms returns 0
T062C 000:461.913 JLINK_CORESIGHT_ReadAPDPReg(DP reg 0x00)
T062C 000:462.169   Value=0x6BA02477
T062C 000:462.182 - 0.268ms returns 0
T062C 000:462.188 JLINK_CORESIGHT_WriteAPDPReg(DP reg 0x01, 0x54000000)
T062C 000:462.454 - 0.265ms returns 0
T062C 000:462.467 JLINK_CORESIGHT_WriteAPDPReg(DP reg 0x01, 0x50000F00)
T062C 000:462.772 - 0.304ms returns 0
T062C 000:462.785 JLINK_CORESIGHT_WriteAPDPReg(DP reg 0x02, 0x01000000)
T062C 000:463.038 - 0.253ms returns 0
T062C 000:463.051 JLINK_CORESIGHT_WriteAPDPReg(AP reg 0x00, 0x80000002)
T062C 000:463.313 - 0.261ms returns 0
T062C 000:463.326 JLINK_CORESIGHT_WriteAPDPReg(AP reg 0x01, 0x80011100)
T062C 000:463.532 - 0.206ms returns 0
T062C 000:463.538 JLINK_CORESIGHT_WriteAPDPReg(AP reg 0x03, 0x000000A5)
T062C 000:463.724 - 0.185ms returns 0
T062C 000:463.730 JLINK_CORESIGHT_WriteAPDPReg(AP reg 0x00, 0x80000002)
T062C 000:463.934 - 0.204ms returns 0
T062C 000:463.940 JLINK_CORESIGHT_WriteAPDPReg(AP reg 0x01, 0x80011100)
T062C 000:464.147 - 0.207ms returns 0
T062C 000:464.152 JLINK_CORESIGHT_ReadAPDPReg(AP reg 0x03)
T062C 000:464.406   Value=0x000000A5
T062C 000:464.413 - 0.260ms returns 0
T062C 000:464.418 JLINK_ClrTMS()
T062C 000:464.491 - 0.073ms
T062C 000:470.511 JLINK_SetTCK()
T062C 000:470.833 - 0.321ms returns 0
T062C 000:476.132 JLINK_SetRESET()
T062C 000:476.478 - 0.345ms
T062C 000:677.462 JLINK_CORESIGHT_WriteAPDPReg(AP reg 0x00, 0x80000002)
T062C 000:678.351 - 0.888ms returns 0
T062C 000:678.439 JLINK_CORESIGHT_WriteAPDPReg(AP reg 0x01, 0x80011100)
T062C 000:679.026 - 0.586ms returns 0
T062C 000:679.101 JLINK_CORESIGHT_ReadAPDPReg(AP reg 0x03)
T062C 000:679.704   Value=0x00000000
T062C 000:679.772 - 0.671ms returns 0
T062C 000:679.803 JLINK_CORESIGHT_WriteAPDPReg(AP reg 0x00, 0x80000002)
T062C 000:682.375 - 2.572ms returns 0
T062C 000:682.430 JLINK_CORESIGHT_WriteAPDPReg(AP reg 0x01, 0x80011140)
T062C 000:683.105 - 0.674ms returns 0
T062C 000:683.165 JLINK_CORESIGHT_ReadAPDPReg(AP reg 0x03)
T062C 000:683.748   Value=0x00000002
T062C 000:683.799 - 0.634ms returns 0
T062C 000:683.824 JLINK_CORESIGHT_WriteAPDPReg(AP reg 0x00, 0x80000002)
T062C 000:684.355 - 0.530ms returns 0
T062C 000:684.412 JLINK_CORESIGHT_WriteAPDPReg(AP reg 0x01, 0x80011120)
T062C 000:684.867 - 0.454ms returns 0
T062C 000:684.910 JLINK_CORESIGHT_WriteAPDPReg(AP reg 0x03, 0x00000055)
T062C 000:685.475 - 0.564ms returns 0
T062C 000:685.519 JLINK_CORESIGHT_WriteAPDPReg(AP reg 0x00, 0x80000002)
T062C 000:686.150 - 0.630ms returns 0
T062C 000:686.190 JLINK_CORESIGHT_WriteAPDPReg(AP reg 0x01, 0x80011140)
T062C 000:686.721 - 0.531ms returns 0
T062C 000:686.760 JLINK_CORESIGHT_ReadAPDPReg(AP reg 0x03)
T062C 000:687.299   Value=0x00000000
T062C 000:687.333 - 0.572ms returns 0
T062C 000:687.352 JLINK_CORESIGHT_WriteAPDPReg(AP reg 0x00, 0x80000002)
T062C 000:687.708 - 0.355ms returns 0
T062C 000:687.744 JLINK_CORESIGHT_WriteAPDPReg(AP reg 0x01, 0x80011130)
T062C 000:688.068 - 0.324ms returns 0
T062C 000:688.101 JLINK_CORESIGHT_ReadAPDPReg(AP reg 0x03)
T062C 000:688.479   Value=0x000000C6
T062C 000:688.511 - 0.410ms returns 0
T062C 000:688.535 JLINK_CORESIGHT_WriteAPDPReg(AP reg 0x00, 0x80000002)
T062C 000:688.851 - 0.311ms returns 0
T062C 000:688.882 JLINK_CORESIGHT_WriteAPDPReg(AP reg 0x01, 0x80011140)
T062C 000:689.204 - 0.321ms returns 0
T062C 000:689.236 JLINK_CORESIGHT_ReadAPDPReg(AP reg 0x03)
T062C 000:689.597   Value=0x00000002
T062C 000:689.626 - 0.390ms returns 0
T062C 000:689.642 JLINK_CORESIGHT_WriteAPDPReg(AP reg 0x00, 0x80000002)
T062C 000:689.937 - 0.294ms returns 0
T062C 000:689.977 JLINK_CORESIGHT_WriteAPDPReg(AP reg 0x01, 0x80011120)
T062C 000:690.450 - 0.473ms returns 0
T062C 000:690.486 JLINK_CORESIGHT_WriteAPDPReg(AP reg 0x03, 0x3A010001)
T062C 000:691.013 - 0.526ms returns 0
T062C 000:691.048 JLINK_CORESIGHT_WriteAPDPReg(AP reg 0x00, 0x80000002)
T062C 000:691.552 - 0.504ms returns 0
T062C 000:691.583 JLINK_CORESIGHT_WriteAPDPReg(AP reg 0x01, 0x80011140)
T062C 000:692.086 - 0.502ms returns 0
T062C 000:692.118 JLINK_CORESIGHT_ReadAPDPReg(AP reg 0x03)
T062C 000:692.651   Value=0x00000002
T062C 000:692.675 - 0.556ms returns 0
T062C 000:692.696 JLINK_CORESIGHT_WriteAPDPReg(AP reg 0x00, 0x80000002)
T062C 000:692.978 - 0.281ms returns 0
T062C 000:693.010 JLINK_CORESIGHT_WriteAPDPReg(AP reg 0x01, 0x80011120)
T062C 000:693.311 - 0.300ms returns 0
T062C 000:693.342 JLINK_CORESIGHT_WriteAPDPReg(AP reg 0x03, 0x000003C5)
T062C 000:693.690 - 0.347ms returns 0
T062C 000:693.721 JLINK_CORESIGHT_WriteAPDPReg(AP reg 0x00, 0x80000002)
T062C 000:694.222 - 0.500ms returns 0
T062C 000:694.251 JLINK_CORESIGHT_WriteAPDPReg(AP reg 0x01, 0x80011140)
T062C 000:694.724 - 0.472ms returns 0
T062C 000:694.752 JLINK_CORESIGHT_ReadAPDPReg(AP reg 0x03)
T062C 000:695.266   Value=0x00000000
T062C 000:695.286 - 0.534ms returns 0
T062C 000:695.307 JLINK_CORESIGHT_WriteAPDPReg(AP reg 0x00, 0x80000002)
T062C 000:695.763 - 0.455ms returns 0
T062C 000:695.790 JLINK_CORESIGHT_WriteAPDPReg(AP reg 0x01, 0x80011130)
T062C 000:696.239 - 0.449ms returns 0
T062C 000:696.265 JLINK_CORESIGHT_ReadAPDPReg(AP reg 0x03)
T062C 000:696.772   Value=0x3A2A0081
T062C 000:696.791 - 0.525ms returns 0
T062C 000:696.807 JLINK_CORESIGHT_WriteAPDPReg(AP reg 0x00, 0x80000002)
T062C 000:697.224 - 0.416ms returns 0
T062C 000:697.250 JLINK_CORESIGHT_WriteAPDPReg(AP reg 0x01, 0x80011140)
T062C 000:697.590 - 0.340ms returns 0
T062C 000:697.636 JLINK_CORESIGHT_ReadAPDPReg(AP reg 0x03)
T062C 000:697.947   Value=0x00000000
T062C 000:697.956 - 0.320ms returns 0
T062C 000:697.967 JLINK_CORESIGHT_WriteAPDPReg(AP reg 0x00, 0x80000002)
T062C 000:698.339 - 0.372ms returns 0
T062C 000:698.350 JLINK_CORESIGHT_WriteAPDPReg(AP reg 0x01, 0x80011130)
T062C 000:698.635 - 0.284ms returns 0
T062C 000:698.646 JLINK_CORESIGHT_ReadAPDPReg(AP reg 0x03)
T062C 000:698.978   Value=0x808D5B00
T062C 000:698.992 - 0.346ms returns 0
T062C 000:699.003 JLINK_CORESIGHT_WriteAPDPReg(AP reg 0x00, 0x80000002)
T062C 000:699.299 - 0.297ms returns 0
T062C 000:699.312 JLINK_CORESIGHT_WriteAPDPReg(AP reg 0x01, 0x80011140)
T062C 000:699.522 - 0.210ms returns 0
T062C 000:699.534 JLINK_CORESIGHT_ReadAPDPReg(AP reg 0x03)
T062C 000:699.795   Value=0x00000000
T062C 000:699.806 - 0.272ms returns 0
T062C 000:699.817 JLINK_CORESIGHT_WriteAPDPReg(AP reg 0x00, 0x80000002)
T062C 000:700.036 - 0.219ms returns 0
T062C 000:700.047 JLINK_CORESIGHT_WriteAPDPReg(AP reg 0x01, 0x80011130)
T062C 000:700.278 - 0.231ms returns 0
T062C 000:700.290 JLINK_CORESIGHT_ReadAPDPReg(AP reg 0x03)
T062C 000:700.556   Value=0x0603030B
T062C 000:700.566 - 0.276ms returns 0
T062C 000:700.576 JLINK_CORESIGHT_WriteAPDPReg(AP reg 0x00, 0x80000002)
T062C 000:700.885 - 0.309ms returns 0
T062C 000:700.896 JLINK_CORESIGHT_WriteAPDPReg(AP reg 0x01, 0x80011140)
T062C 000:701.116 - 0.219ms returns 0
T062C 000:701.127 JLINK_CORESIGHT_ReadAPDPReg(AP reg 0x03)
T062C 000:701.393   Value=0x00000000
T062C 000:701.402 - 0.275ms returns 0
T062C 000:701.412 JLINK_CORESIGHT_WriteAPDPReg(AP reg 0x00, 0x80000002)
T062C 000:701.628 - 0.216ms returns 0
T062C 000:701.638 JLINK_CORESIGHT_WriteAPDPReg(AP reg 0x01, 0x80011130)
T062C 000:701.877 - 0.238ms returns 0
T062C 000:701.887 JLINK_CORESIGHT_ReadAPDPReg(AP reg 0x03)
T062C 000:702.154   Value=0x2E4B4E20
T062C 000:702.163 - 0.275ms returns 0
T062C 000:702.173 JLINK_CORESIGHT_WriteAPDPReg(AP reg 0x00, 0x80000002)
T062C 000:702.395 - 0.222ms returns 0
T062C 000:702.406 JLINK_CORESIGHT_WriteAPDPReg(AP reg 0x01, 0x80011140)
T062C 000:702.763 - 0.356ms returns 0
T062C 000:702.773 JLINK_CORESIGHT_ReadAPDPReg(AP reg 0x03)
T062C 000:703.096   Value=0x00000000
T062C 000:703.104 - 0.331ms returns 0
T062C 000:703.115 JLINK_CORESIGHT_WriteAPDPReg(AP reg 0x00, 0x80000002)
T062C 000:703.329 - 0.214ms returns 0
T062C 000:703.339 JLINK_CORESIGHT_WriteAPDPReg(AP reg 0x01, 0x80011130)
T062C 000:703.534 - 0.195ms returns 0
T062C 000:703.545 JLINK_CORESIGHT_ReadAPDPReg(AP reg 0x03)
T062C 000:703.793   Value=0x4EFDA692
T062C 000:703.801 - 0.256ms returns 0
T062C 000:703.811 JLINK_CORESIGHT_WriteAPDPReg(AP reg 0x00, 0x80000002)
T062C 000:704.026 - 0.215ms returns 0
T062C 000:704.036 JLINK_CORESIGHT_WriteAPDPReg(AP reg 0x01, 0x80011140)
T062C 000:704.253 - 0.217ms returns 0
T062C 000:704.264 JLINK_CORESIGHT_ReadAPDPReg(AP reg 0x03)
T062C 000:704.535   Value=0x00000000
T062C 000:704.544 - 0.280ms returns 0
T062C 000:704.555 JLINK_CORESIGHT_WriteAPDPReg(AP reg 0x00, 0x80000002)
T062C 000:704.768 - 0.213ms returns 0
T062C 000:704.779 JLINK_CORESIGHT_WriteAPDPReg(AP reg 0x01, 0x80011130)
T062C 000:704.995 - 0.216ms returns 0
T062C 000:705.006 JLINK_CORESIGHT_ReadAPDPReg(AP reg 0x03)
T062C 000:705.276   Value=0x34503036
T062C 000:705.285 - 0.279ms returns 0
T062C 000:705.295 JLINK_CORESIGHT_WriteAPDPReg(AP reg 0x00, 0x80000002)
T062C 000:705.518 - 0.223ms returns 0
T062C 000:705.529 JLINK_CORESIGHT_WriteAPDPReg(AP reg 0x01, 0x80011140)
T062C 000:705.729 - 0.200ms returns 0
T062C 000:705.740 JLINK_CORESIGHT_ReadAPDPReg(AP reg 0x03)
T062C 000:706.010   Value=0x00000000
T062C 000:706.019 - 0.279ms returns 0
T062C 000:706.029 JLINK_CORESIGHT_WriteAPDPReg(AP reg 0x00, 0x80000002)
T062C 000:706.245 - 0.216ms returns 0
T062C 000:706.256 JLINK_CORESIGHT_WriteAPDPReg(AP reg 0x01, 0x80011130)
T062C 000:706.474 - 0.218ms returns 0
T062C 000:706.485 JLINK_CORESIGHT_ReadAPDPReg(AP reg 0x03)
T062C 000:706.728   Value=0x79142D36
T062C 000:706.737 - 0.252ms returns 0
T062C 000:706.751 JLINK_CORESIGHT_WriteAPDPReg(AP reg 0x00, 0x80000002)
T062C 000:706.971 - 0.219ms returns 0
T062C 000:706.981 JLINK_CORESIGHT_WriteAPDPReg(AP reg 0x01, 0x80011140)
T062C 000:707.198 - 0.217ms returns 0
T062C 000:707.209 JLINK_CORESIGHT_ReadAPDPReg(AP reg 0x03)
T062C 000:707.477   Value=0x00000000
T062C 000:707.486 - 0.277ms returns 0
T062C 000:707.496 JLINK_CORESIGHT_WriteAPDPReg(AP reg 0x00, 0x80000002)
T062C 000:707.728 - 0.231ms returns 0
T062C 000:707.739 JLINK_CORESIGHT_WriteAPDPReg(AP reg 0x01, 0x80011130)
T062C 000:707.974 - 0.235ms returns 0
T062C 000:707.984 JLINK_CORESIGHT_ReadAPDPReg(AP reg 0x03)
T062C 000:708.253   Value=0x46375296
T062C 000:708.262 - 0.278ms returns 0
T062C 000:708.272 JLINK_CORESIGHT_WriteAPDPReg(AP reg 0x00, 0x80000002)
T062C 000:708.483 - 0.211ms returns 0
T062C 000:708.494 JLINK_CORESIGHT_WriteAPDPReg(AP reg 0x01, 0x80011140)
T062C 000:708.728 - 0.234ms returns 0
T062C 000:708.739 JLINK_CORESIGHT_ReadAPDPReg(AP reg 0x03)
T062C 000:708.984   Value=0x00000000
T062C 000:708.993 - 0.253ms returns 0
T062C 000:709.004 JLINK_CORESIGHT_WriteAPDPReg(AP reg 0x00, 0x80000002)
T062C 000:709.227 - 0.223ms returns 0
T062C 000:709.238 JLINK_CORESIGHT_WriteAPDPReg(AP reg 0x01, 0x80011130)
T062C 000:709.452 - 0.214ms returns 0
T062C 000:709.463 JLINK_CORESIGHT_ReadAPDPReg(AP reg 0x03)
T062C 000:709.728   Value=0x314D3841
T062C 000:709.738 - 0.274ms returns 0
T062C 000:709.748 JLINK_CORESIGHT_WriteAPDPReg(AP reg 0x00, 0x80000002)
T062C 000:709.955 - 0.206ms returns 0
T062C 000:709.966 JLINK_CORESIGHT_WriteAPDPReg(AP reg 0x01, 0x80011140)
T062C 000:710.160 - 0.194ms returns 0
T062C 000:710.171 JLINK_CORESIGHT_ReadAPDPReg(AP reg 0x03)
T062C 000:710.437   Value=0x00000000
T062C 000:710.446 - 0.275ms returns 0
T062C 000:710.457 JLINK_CORESIGHT_WriteAPDPReg(AP reg 0x00, 0x80000002)
T062C 000:710.729 - 0.272ms returns 0
T062C 000:710.739 JLINK_CORESIGHT_WriteAPDPReg(AP reg 0x01, 0x80011130)
T062C 000:710.942 - 0.202ms returns 0
T062C 000:710.953 JLINK_CORESIGHT_ReadAPDPReg(AP reg 0x03)
T062C 000:711.225   Value=0x43454841
T062C 000:711.234 - 0.281ms returns 0
T062C 000:711.244 JLINK_CORESIGHT_WriteAPDPReg(AP reg 0x00, 0x80000002)
T062C 000:711.454 - 0.210ms returns 0
T062C 000:711.465 JLINK_CORESIGHT_WriteAPDPReg(AP reg 0x01, 0x80011140)
T062C 000:711.728 - 0.263ms returns 0
T062C 000:711.739 JLINK_CORESIGHT_ReadAPDPReg(AP reg 0x03)
T062C 000:712.005   Value=0x00000000
T062C 000:712.014 - 0.274ms returns 0
T062C 000:712.024 JLINK_CORESIGHT_WriteAPDPReg(AP reg 0x00, 0x80000002)
T062C 000:712.242 - 0.217ms returns 0
T062C 000:712.252 JLINK_CORESIGHT_WriteAPDPReg(AP reg 0x01, 0x80011130)
T062C 000:712.466 - 0.214ms returns 0
T062C 000:712.477 JLINK_CORESIGHT_ReadAPDPReg(AP reg 0x03)
T062C 000:712.738   Value=0x20204442
T062C 000:712.749 - 0.271ms returns 0
T062C 000:712.760 JLINK_CORESIGHT_WriteAPDPReg(AP reg 0x00, 0x80000002)
T062C 000:712.951 - 0.190ms returns 0
T062C 000:712.962 JLINK_CORESIGHT_WriteAPDPReg(AP reg 0x01, 0x80011140)
T062C 000:713.178 - 0.216ms returns 0
T062C 000:713.189 JLINK_CORESIGHT_ReadAPDPReg(AP reg 0x03)
T062C 000:713.449   Value=0x00000000
T062C 000:713.458 - 0.269ms returns 0
T062C 000:713.469 JLINK_CORESIGHT_WriteAPDPReg(AP reg 0x00, 0x80000002)
T062C 000:713.728 - 0.259ms returns 0
T062C 000:713.739 JLINK_CORESIGHT_WriteAPDPReg(AP reg 0x01, 0x80011130)
T062C 000:714.006 - 0.266ms returns 0
T062C 000:714.026 JLINK_CORESIGHT_ReadAPDPReg(AP reg 0x03)
T062C 000:714.338   Value=0x00038620
T062C 000:714.352 - 0.325ms returns 0
T062C 000:714.716 JLINK_CORESIGHT_WriteAPDPReg(AP reg 0x00, 0x80000002)
T062C 000:714.928 - 0.211ms returns 0
T062C 000:714.936 JLINK_CORESIGHT_WriteAPDPReg(AP reg 0x01, 0x80011140)
T062C 000:715.151 - 0.215ms returns 0
T062C 000:715.159 JLINK_CORESIGHT_ReadAPDPReg(AP reg 0x03)
T062C 000:715.426   Value=0x00000002
T062C 000:715.441 - 0.281ms returns 0
T062C 000:715.452 JLINK_CORESIGHT_WriteAPDPReg(AP reg 0x00, 0x80000002)
T062C 000:715.727 - 0.275ms returns 0
T062C 000:715.736 JLINK_CORESIGHT_WriteAPDPReg(AP reg 0x01, 0x80011120)
T062C 000:715.985 - 0.249ms returns 0
T062C 000:715.993 JLINK_CORESIGHT_WriteAPDPReg(AP reg 0x03, 0x2C010001)
T062C 000:716.198 - 0.205ms returns 0
T062C 000:716.206 JLINK_CORESIGHT_WriteAPDPReg(AP reg 0x00, 0x80000002)
T062C 000:716.411 - 0.205ms returns 0
T062C 000:716.418 JLINK_CORESIGHT_WriteAPDPReg(AP reg 0x01, 0x80011140)
T062C 000:716.633 - 0.214ms returns 0
T062C 000:716.641 JLINK_CORESIGHT_ReadAPDPReg(AP reg 0x03)
T062C 000:716.905   Value=0x00000002
T062C 000:716.913 - 0.272ms returns 0
T062C 000:716.920 JLINK_CORESIGHT_WriteAPDPReg(AP reg 0x00, 0x80000002)
T062C 000:717.107 - 0.187ms returns 0
T062C 000:717.115 JLINK_CORESIGHT_WriteAPDPReg(AP reg 0x01, 0x80011120)
T062C 000:717.320 - 0.204ms returns 0
T062C 000:717.327 JLINK_CORESIGHT_WriteAPDPReg(AP reg 0x03, 0x000003D3)
T062C 000:717.542 - 0.214ms returns 0
T062C 000:717.549 JLINK_CORESIGHT_WriteAPDPReg(AP reg 0x00, 0x80000002)
T062C 000:717.738 - 0.188ms returns 0
T062C 000:717.745 JLINK_CORESIGHT_WriteAPDPReg(AP reg 0x01, 0x80011140)
T062C 000:717.954 - 0.209ms returns 0
T062C 000:717.962 JLINK_CORESIGHT_ReadAPDPReg(AP reg 0x03)
T062C 000:718.229   Value=0x00000000
T062C 000:718.237 - 0.275ms returns 0
T062C 000:718.244 JLINK_CORESIGHT_WriteAPDPReg(AP reg 0x00, 0x80000002)
T062C 000:718.456 - 0.211ms returns 0
T062C 000:718.463 JLINK_CORESIGHT_WriteAPDPReg(AP reg 0x01, 0x80011130)
T062C 000:718.727 - 0.264ms returns 0
T062C 000:718.735 JLINK_CORESIGHT_ReadAPDPReg(AP reg 0x03)
T062C 000:719.004   Value=0x2C020081
T062C 000:719.012 - 0.277ms returns 0
T062C 000:719.019 JLINK_CORESIGHT_WriteAPDPReg(AP reg 0x00, 0x80000002)
T062C 000:719.235 - 0.215ms returns 0
T062C 000:719.242 JLINK_CORESIGHT_WriteAPDPReg(AP reg 0x01, 0x80011140)
T062C 000:719.449 - 0.206ms returns 0
T062C 000:719.457 JLINK_CORESIGHT_ReadAPDPReg(AP reg 0x03)
T062C 000:719.734   Value=0x00000000
T062C 000:719.742 - 0.285ms returns 0
T062C 000:719.749 JLINK_CORESIGHT_WriteAPDPReg(AP reg 0x00, 0x80000002)
T062C 000:719.962 - 0.212ms returns 0
T062C 000:719.970 JLINK_CORESIGHT_WriteAPDPReg(AP reg 0x01, 0x80011130)
T062C 000:720.186 - 0.216ms returns 0
T062C 000:720.194 JLINK_CORESIGHT_ReadAPDPReg(AP reg 0x03)
T062C 000:720.435   Value=0x0003CE04
T062C 000:720.444 - 0.250ms returns 0
T062C 000:720.454 JLINK_CORESIGHT_WriteAPDPReg(AP reg 0x00, 0x80000002)
T062C 000:720.728 - 0.274ms returns 0
T062C 000:720.736 JLINK_CORESIGHT_WriteAPDPReg(AP reg 0x01, 0x80011140)
T062C 000:720.944 - 0.208ms returns 0
T062C 000:720.953 JLINK_CORESIGHT_ReadAPDPReg(AP reg 0x03)
T062C 000:721.218   Value=0x00000002
T062C 000:721.227 - 0.274ms returns 0
T062C 000:721.235 JLINK_CORESIGHT_WriteAPDPReg(AP reg 0x00, 0x80000002)
T062C 000:721.443 - 0.208ms returns 0
T062C 000:721.451 JLINK_CORESIGHT_WriteAPDPReg(AP reg 0x01, 0x80011120)
T062C 000:721.657 - 0.206ms returns 0
T062C 000:721.665 JLINK_CORESIGHT_WriteAPDPReg(AP reg 0x03, 0x73010001)
T062C 000:721.873 - 0.207ms returns 0
T062C 000:721.881 JLINK_CORESIGHT_WriteAPDPReg(AP reg 0x00, 0x80000002)
T062C 000:722.089 - 0.207ms returns 0
T062C 000:722.097 JLINK_CORESIGHT_WriteAPDPReg(AP reg 0x01, 0x80011140)
T062C 000:722.309 - 0.213ms returns 0
T062C 000:722.318 JLINK_CORESIGHT_ReadAPDPReg(AP reg 0x03)
T062C 000:722.560   Value=0x00000002
T062C 000:722.569 - 0.251ms returns 0
T062C 000:722.576 JLINK_CORESIGHT_WriteAPDPReg(AP reg 0x00, 0x80000002)
T062C 000:722.877 - 0.301ms returns 0
T062C 000:722.886 JLINK_CORESIGHT_WriteAPDPReg(AP reg 0x01, 0x80011120)
T062C 000:723.120 - 0.234ms returns 0
T062C 000:723.128 JLINK_CORESIGHT_WriteAPDPReg(AP reg 0x03, 0x0000038C)
T062C 000:723.345 - 0.217ms returns 0
T062C 000:723.354 JLINK_CORESIGHT_WriteAPDPReg(AP reg 0x00, 0x80000002)
T062C 000:723.562 - 0.208ms returns 0
T062C 000:723.571 JLINK_CORESIGHT_WriteAPDPReg(AP reg 0x01, 0x80011140)
T062C 000:723.794 - 0.223ms returns 0
T062C 000:723.803 JLINK_CORESIGHT_ReadAPDPReg(AP reg 0x03)
T062C 000:724.071   Value=0x00000002
T062C 000:724.080 - 0.277ms returns 0
T062C 000:724.089 JLINK_CORESIGHT_ReadAPDPReg(AP reg 0x03)
T062C 000:724.337   Value=0x00000002
T062C 000:724.346 - 0.257ms returns 0
T062C 000:724.354 JLINK_CORESIGHT_ReadAPDPReg(AP reg 0x03)
T062C 000:724.589   Value=0x00000002
T062C 000:724.598 - 0.244ms returns 0
T062C 000:724.606 JLINK_CORESIGHT_ReadAPDPReg(AP reg 0x03)
T062C 000:724.846   Value=0x00000002
T062C 000:724.854 - 0.248ms returns 0
T062C 000:724.862 JLINK_CORESIGHT_ReadAPDPReg(AP reg 0x03)
T062C 000:725.108   Value=0x00000002
T062C 000:725.117 - 0.255ms returns 0
T062C 000:725.125 JLINK_CORESIGHT_ReadAPDPReg(AP reg 0x03)
T062C 000:725.370   Value=0x00000002
T062C 000:725.379 - 0.253ms returns 0
T062C 000:725.386 JLINK_CORESIGHT_ReadAPDPReg(AP reg 0x03)
T062C 000:725.625   Value=0x00000002
T062C 000:725.634 - 0.248ms returns 0
T062C 000:725.642 JLINK_CORESIGHT_ReadAPDPReg(AP reg 0x03)
T062C 000:725.905   Value=0x00000002
T062C 000:725.914 - 0.272ms returns 0
T062C 000:725.921 JLINK_CORESIGHT_ReadAPDPReg(AP reg 0x03)
T062C 000:726.162   Value=0x00000000
T062C 000:726.171 - 0.249ms returns 0
T062C 000:726.179 JLINK_CORESIGHT_WriteAPDPReg(AP reg 0x00, 0x80000002)
T062C 000:726.398 - 0.219ms returns 0
T062C 000:726.406 JLINK_CORESIGHT_WriteAPDPReg(AP reg 0x01, 0x80011130)
T062C 000:726.624 - 0.218ms returns 0
T062C 000:726.632 JLINK_CORESIGHT_ReadAPDPReg(AP reg 0x03)
T062C 000:726.930   Value=0x73020081
T062C 000:726.939 - 0.307ms returns 0
T062C 000:726.969 JLINK_CORESIGHT_WriteAPDPReg(AP reg 0x00, 0x80000002)
T062C 000:727.183 - 0.214ms returns 0
T062C 000:727.192 JLINK_CORESIGHT_WriteAPDPReg(AP reg 0x01, 0x80011140)
T062C 000:727.402 - 0.210ms returns 0
T062C 000:727.411 JLINK_CORESIGHT_ReadAPDPReg(AP reg 0x03)
T062C 000:727.729   Value=0x00000000
T062C 000:727.761 - 0.349ms returns 0
T062C 000:727.769 JLINK_CORESIGHT_WriteAPDPReg(AP reg 0x00, 0x80000002)
T062C 000:728.000 - 0.231ms returns 0
T062C 000:728.008 JLINK_CORESIGHT_WriteAPDPReg(AP reg 0x01, 0x80011130)
T062C 000:728.226 - 0.218ms returns 0
T062C 000:728.235 JLINK_CORESIGHT_ReadAPDPReg(AP reg 0x03)
T062C 000:728.506   Value=0x00038902
T062C 000:728.515 - 0.280ms returns 0
T062C 000:728.524 JLINK_CORESIGHT_WriteAPDPReg(AP reg 0x00, 0x80000002)
T062C 000:728.729 - 0.205ms returns 0
T062C 000:728.748 JLINK_CORESIGHT_WriteAPDPReg(AP reg 0x01, 0x80011140)
T062C 000:728.962 - 0.214ms returns 0
T062C 000:728.970 JLINK_CORESIGHT_ReadAPDPReg(AP reg 0x03)
T062C 000:729.273   Value=0x00000002
T062C 000:729.283 - 0.313ms returns 0
T062C 000:729.292 JLINK_CORESIGHT_WriteAPDPReg(AP reg 0x00, 0x80000002)
T062C 000:729.514 - 0.222ms returns 0
T062C 000:729.522 JLINK_CORESIGHT_WriteAPDPReg(AP reg 0x01, 0x80011120)
T062C 000:729.729 - 0.207ms returns 0
T062C 000:729.738 JLINK_CORESIGHT_WriteAPDPReg(AP reg 0x03, 0x75010001)
T062C 000:729.956 - 0.218ms returns 0
T062C 000:729.964 JLINK_CORESIGHT_WriteAPDPReg(AP reg 0x00, 0x80000002)
T062C 000:730.191 - 0.227ms returns 0
T062C 000:730.200 JLINK_CORESIGHT_WriteAPDPReg(AP reg 0x01, 0x80011140)
T062C 000:730.417 - 0.217ms returns 0
T062C 000:730.426 JLINK_CORESIGHT_ReadAPDPReg(AP reg 0x03)
T062C 000:730.728   Value=0x00000002
T062C 000:730.756 - 0.328ms returns 0
T062C 000:730.768 JLINK_CORESIGHT_WriteAPDPReg(AP reg 0x00, 0x80000002)
T062C 000:730.985 - 0.217ms returns 0
T062C 000:730.993 JLINK_CORESIGHT_WriteAPDPReg(AP reg 0x01, 0x80011120)
T062C 000:731.204 - 0.211ms returns 0
T062C 000:731.212 JLINK_CORESIGHT_WriteAPDPReg(AP reg 0x03, 0x0000038A)
T062C 000:731.428 - 0.216ms returns 0
T062C 000:731.437 JLINK_CORESIGHT_WriteAPDPReg(AP reg 0x00, 0x80000002)
T062C 000:731.653 - 0.216ms returns 0
T062C 000:731.661 JLINK_CORESIGHT_WriteAPDPReg(AP reg 0x01, 0x80011140)
T062C 000:731.854 - 0.193ms returns 0
T062C 000:731.863 JLINK_CORESIGHT_ReadAPDPReg(AP reg 0x03)
T062C 000:732.135   Value=0x00000002
T062C 000:732.144 - 0.281ms returns 0
T062C 000:732.152 JLINK_CORESIGHT_ReadAPDPReg(AP reg 0x03)
T062C 000:732.396   Value=0x00000002
T062C 000:732.405 - 0.253ms returns 0
T062C 000:732.413 JLINK_CORESIGHT_ReadAPDPReg(AP reg 0x03)
T062C 000:732.652   Value=0x00000002
T062C 000:732.661 - 0.248ms returns 0
T062C 000:732.669 JLINK_CORESIGHT_ReadAPDPReg(AP reg 0x03)
T062C 000:732.903   Value=0x00000002
T062C 000:732.912 - 0.242ms returns 0
T062C 000:732.920 JLINK_CORESIGHT_ReadAPDPReg(AP reg 0x03)
T062C 000:733.164   Value=0x00000002
T062C 000:733.173 - 0.253ms returns 0
T062C 000:733.181 JLINK_CORESIGHT_ReadAPDPReg(AP reg 0x03)
T062C 000:733.426   Value=0x00000002
T062C 000:733.437 - 0.256ms returns 0
T062C 000:733.445 JLINK_CORESIGHT_ReadAPDPReg(AP reg 0x03)
T062C 000:733.728   Value=0x00000002
T062C 000:733.737 - 0.293ms returns 0
T062C 000:733.745 JLINK_CORESIGHT_ReadAPDPReg(AP reg 0x03)
T062C 000:733.989   Value=0x00000002
T062C 000:733.998 - 0.252ms returns 0
T062C 000:734.006 JLINK_CORESIGHT_ReadAPDPReg(AP reg 0x03)
T062C 000:734.257   Value=0x00000002
T062C 000:734.266 - 0.260ms returns 0
T062C 000:734.274 JLINK_CORESIGHT_ReadAPDPReg(AP reg 0x03)
T062C 000:734.518   Value=0x00000002
T062C 000:734.527 - 0.252ms returns 0
T062C 000:734.535 JLINK_CORESIGHT_ReadAPDPReg(AP reg 0x03)
T062C 000:734.795   Value=0x00000002
T062C 000:734.805 - 0.270ms returns 0
T062C 000:734.813 JLINK_CORESIGHT_ReadAPDPReg(AP reg 0x03)
T062C 000:735.059   Value=0x00000002
T062C 000:735.068 - 0.255ms returns 0
T062C 000:735.076 JLINK_CORESIGHT_ReadAPDPReg(AP reg 0x03)
T062C 000:735.325   Value=0x00000000
T062C 000:735.334 - 0.258ms returns 0
T062C 000:735.343 JLINK_CORESIGHT_WriteAPDPReg(AP reg 0x00, 0x80000002)
T062C 000:735.559 - 0.216ms returns 0
T062C 000:735.568 JLINK_CORESIGHT_WriteAPDPReg(AP reg 0x01, 0x80011130)
T062C 000:735.769 - 0.201ms returns 0
T062C 000:735.777 JLINK_CORESIGHT_ReadAPDPReg(AP reg 0x03)
T062C 000:736.045   Value=0x75020081
T062C 000:736.055 - 0.277ms returns 0
T062C 000:736.063 JLINK_CORESIGHT_WriteAPDPReg(AP reg 0x00, 0x80000002)
T062C 000:736.290 - 0.227ms returns 0
T062C 000:736.299 JLINK_CORESIGHT_WriteAPDPReg(AP reg 0x01, 0x80011140)
T062C 000:736.517 - 0.218ms returns 0
T062C 000:736.526 JLINK_CORESIGHT_ReadAPDPReg(AP reg 0x03)
T062C 000:736.795   Value=0x00000000
T062C 000:736.804 - 0.278ms returns 0
T062C 000:736.813 JLINK_CORESIGHT_WriteAPDPReg(AP reg 0x00, 0x80000002)
T062C 000:737.032 - 0.219ms returns 0
T062C 000:737.040 JLINK_CORESIGHT_WriteAPDPReg(AP reg 0x01, 0x80011130)
T062C 000:737.260 - 0.220ms returns 0
T062C 000:737.269 JLINK_CORESIGHT_ReadAPDPReg(AP reg 0x03)
T062C 000:737.537   Value=0x00038702
T062C 000:737.547 - 0.278ms returns 0
T062C 000:737.558 JLINK_CORESIGHT_WriteAPDPReg(AP reg 0x00, 0x80000002)
T062C 000:737.770 - 0.212ms returns 0
T062C 000:737.779 JLINK_CORESIGHT_WriteAPDPReg(AP reg 0x01, 0x80011140)
T062C 000:737.991 - 0.211ms returns 0
T062C 000:738.000 JLINK_CORESIGHT_ReadAPDPReg(AP reg 0x03)
T062C 000:738.266   Value=0x00000002
T062C 000:738.276 - 0.276ms returns 0
T062C 000:738.284 JLINK_CORESIGHT_WriteAPDPReg(AP reg 0x00, 0x80000002)
T062C 000:738.505 - 0.221ms returns 0
T062C 000:738.514 JLINK_CORESIGHT_WriteAPDPReg(AP reg 0x01, 0x80011120)
T062C 000:738.730 - 0.216ms returns 0
T062C 000:738.739 JLINK_CORESIGHT_WriteAPDPReg(AP reg 0x03, 0x4F010001)
T062C 000:738.954 - 0.215ms returns 0
T062C 000:738.963 JLINK_CORESIGHT_WriteAPDPReg(AP reg 0x00, 0x80000002)
T062C 000:739.174 - 0.211ms returns 0
T062C 000:739.183 JLINK_CORESIGHT_WriteAPDPReg(AP reg 0x01, 0x80011140)
T062C 000:739.403 - 0.220ms returns 0
T062C 000:739.412 JLINK_CORESIGHT_ReadAPDPReg(AP reg 0x03)
T062C 000:739.729   Value=0x00000002
T062C 000:739.738 - 0.326ms returns 0
T062C 000:739.750 JLINK_CORESIGHT_WriteAPDPReg(AP reg 0x00, 0x80000002)
T062C 000:739.965 - 0.215ms returns 0
T062C 000:739.977 JLINK_CORESIGHT_WriteAPDPReg(AP reg 0x01, 0x80011120)
T062C 000:740.193 - 0.216ms returns 0
T062C 000:740.205 JLINK_CORESIGHT_WriteAPDPReg(AP reg 0x03, 0x000003B0)
T062C 000:740.420 - 0.215ms returns 0
T062C 000:740.431 JLINK_CORESIGHT_WriteAPDPReg(AP reg 0x00, 0x80000002)
T062C 000:740.647 - 0.215ms returns 0
T062C 000:740.659 JLINK_CORESIGHT_WriteAPDPReg(AP reg 0x01, 0x80011140)
T062C 000:740.860 - 0.201ms returns 0
T062C 000:740.872 JLINK_CORESIGHT_ReadAPDPReg(AP reg 0x03)
T062C 000:741.135   Value=0x00000002
T062C 000:741.144 - 0.272ms returns 0
T062C 000:741.155 JLINK_CORESIGHT_ReadAPDPReg(AP reg 0x03)
T062C 000:741.397   Value=0x00000002
T062C 000:741.406 - 0.251ms returns 0
T062C 000:741.417 JLINK_CORESIGHT_ReadAPDPReg(AP reg 0x03)
T062C 000:741.653   Value=0x00000002
T062C 000:741.662 - 0.245ms returns 0
T062C 000:741.675 JLINK_CORESIGHT_ReadAPDPReg(AP reg 0x03)
T062C 000:741.911   Value=0x00000002
T062C 000:741.920 - 0.245ms returns 0
T062C 000:741.931 JLINK_CORESIGHT_ReadAPDPReg(AP reg 0x03)
T062C 000:742.174   Value=0x00000002
T062C 000:742.184 - 0.252ms returns 0
T062C 000:742.195 JLINK_CORESIGHT_ReadAPDPReg(AP reg 0x03)
T062C 000:742.439   Value=0x00000002
T062C 000:742.448 - 0.253ms returns 0
T062C 000:742.459 JLINK_CORESIGHT_ReadAPDPReg(AP reg 0x03)
T062C 000:742.729   Value=0x00000002
T062C 000:742.738 - 0.279ms returns 0
T062C 000:743.046 JLINK_CORESIGHT_ReadAPDPReg(AP reg 0x03)
T062C 000:743.312   Value=0x00000002
T062C 000:743.322 - 0.275ms returns 0
T062C 000:743.330 JLINK_CORESIGHT_ReadAPDPReg(AP reg 0x03)
T062C 000:743.576   Value=0x00000002
T062C 000:743.586 - 0.255ms returns 0
T062C 000:743.594 JLINK_CORESIGHT_ReadAPDPReg(AP reg 0x03)
T062C 000:743.906   Value=0x00000002
T062C 000:743.943 - 0.349ms returns 0
T062C 000:743.951 JLINK_CORESIGHT_ReadAPDPReg(AP reg 0x03)
T062C 000:744.189   Value=0x00000002
T062C 000:744.198 - 0.247ms returns 0
T062C 000:744.206 JLINK_CORESIGHT_ReadAPDPReg(AP reg 0x03)
T062C 000:744.450   Value=0x00000000
T062C 000:744.464 - 0.258ms returns 0
T062C 000:744.472 JLINK_CORESIGHT_WriteAPDPReg(AP reg 0x00, 0x80000002)
T062C 000:744.906 - 0.429ms returns 0
T062C 000:744.990 JLINK_CORESIGHT_WriteAPDPReg(AP reg 0x01, 0x80011130)
T062C 000:745.249 - 0.260ms returns 0
T062C 000:745.265 JLINK_CORESIGHT_ReadAPDPReg(AP reg 0x03)
T062C 000:745.575   Value=0x4F0B0081
T062C 000:745.586 - 0.321ms returns 0
T062C 000:745.594 JLINK_CORESIGHT_WriteAPDPReg(AP reg 0x00, 0x80000002)
T062C 000:745.861 - 0.266ms returns 0
T062C 000:745.869 JLINK_CORESIGHT_WriteAPDPReg(AP reg 0x01, 0x80011140)
T062C 000:746.078 - 0.209ms returns 0
T062C 000:746.087 JLINK_CORESIGHT_ReadAPDPReg(AP reg 0x03)
T062C 000:746.349   Value=0x00000000
T062C 000:746.358 - 0.271ms returns 0
T062C 000:746.366 JLINK_CORESIGHT_WriteAPDPReg(AP reg 0x00, 0x80000002)
T062C 000:746.587 - 0.221ms returns 0
T062C 000:746.595 JLINK_CORESIGHT_WriteAPDPReg(AP reg 0x01, 0x80011130)
T062C 000:746.793 - 0.198ms returns 0
T062C 000:746.801 JLINK_CORESIGHT_ReadAPDPReg(AP reg 0x03)
T062C 000:747.064   Value=0x20000000
T062C 000:747.073 - 0.271ms returns 0
T062C 000:747.081 JLINK_CORESIGHT_WriteAPDPReg(AP reg 0x00, 0x80000002)
T062C 000:747.299 - 0.218ms returns 0
T062C 000:747.308 JLINK_CORESIGHT_WriteAPDPReg(AP reg 0x01, 0x80011140)
T062C 000:747.525 - 0.216ms returns 0
T062C 000:747.533 JLINK_CORESIGHT_ReadAPDPReg(AP reg 0x03)
T062C 000:747.794   Value=0x00000000
T062C 000:747.803 - 0.270ms returns 0
T062C 000:747.811 JLINK_CORESIGHT_WriteAPDPReg(AP reg 0x00, 0x80000002)
T062C 000:748.021 - 0.209ms returns 0
T062C 000:748.029 JLINK_CORESIGHT_WriteAPDPReg(AP reg 0x01, 0x80011130)
T062C 000:748.240 - 0.210ms returns 0
T062C 000:748.248 JLINK_CORESIGHT_ReadAPDPReg(AP reg 0x03)
T062C 000:748.509   Value=0x00000000
T062C 000:748.518 - 0.270ms returns 0
T062C 000:748.526 JLINK_CORESIGHT_WriteAPDPReg(AP reg 0x00, 0x80000002)
T062C 000:748.729 - 0.202ms returns 0
T062C 000:748.737 JLINK_CORESIGHT_WriteAPDPReg(AP reg 0x01, 0x80011140)
T062C 000:748.956 - 0.218ms returns 0
T062C 000:748.964 JLINK_CORESIGHT_ReadAPDPReg(AP reg 0x03)
T062C 000:749.213   Value=0x00000000
T062C 000:749.222 - 0.257ms returns 0
T062C 000:749.230 JLINK_CORESIGHT_WriteAPDPReg(AP reg 0x00, 0x80000002)
T062C 000:749.446 - 0.216ms returns 0
T062C 000:749.455 JLINK_CORESIGHT_WriteAPDPReg(AP reg 0x01, 0x80011130)
T062C 000:749.728 - 0.273ms returns 0
T062C 000:749.738 JLINK_CORESIGHT_ReadAPDPReg(AP reg 0x03)
T062C 000:750.010   Value=0x03860000
T062C 000:750.019 - 0.281ms returns 0
T062C 000:750.085 JLINK_CORESIGHT_WriteAPDPReg(AP reg 0x00, 0x80000002)
T062C 000:750.304 - 0.218ms returns 0
T062C 000:750.312 JLINK_CORESIGHT_WriteAPDPReg(AP reg 0x01, 0x80011140)
T062C 000:750.530 - 0.218ms returns 0
T062C 000:750.539 JLINK_CORESIGHT_ReadAPDPReg(AP reg 0x03)
T062C 000:750.795   Value=0x00000002
T062C 000:750.804 - 0.264ms returns 0
T062C 000:750.812 JLINK_CORESIGHT_WriteAPDPReg(AP reg 0x00, 0x80000002)
T062C 000:751.031 - 0.219ms returns 0
T062C 000:751.039 JLINK_CORESIGHT_WriteAPDPReg(AP reg 0x01, 0x80011120)
T062C 000:751.249 - 0.210ms returns 0
T062C 000:751.258 JLINK_CORESIGHT_WriteAPDPReg(AP reg 0x03, 0x2C010001)
T062C 000:751.484 - 0.226ms returns 0
T062C 000:751.493 JLINK_CORESIGHT_WriteAPDPReg(AP reg 0x00, 0x80000002)
T062C 000:751.728 - 0.235ms returns 0
T062C 000:751.737 JLINK_CORESIGHT_WriteAPDPReg(AP reg 0x01, 0x80011140)
T062C 000:751.954 - 0.217ms returns 0
T062C 000:751.963 JLINK_CORESIGHT_ReadAPDPReg(AP reg 0x03)
T062C 000:752.224   Value=0x00000002
T062C 000:752.233 - 0.270ms returns 0
T062C 000:752.242 JLINK_CORESIGHT_WriteAPDPReg(AP reg 0x00, 0x80000002)
T062C 000:752.456 - 0.214ms returns 0
T062C 000:752.464 JLINK_CORESIGHT_WriteAPDPReg(AP reg 0x01, 0x80011120)
T062C 000:752.732 - 0.268ms returns 0
T062C 000:752.741 JLINK_CORESIGHT_WriteAPDPReg(AP reg 0x03, 0x000003D3)
T062C 000:752.952 - 0.211ms returns 0
T062C 000:752.960 JLINK_CORESIGHT_WriteAPDPReg(AP reg 0x00, 0x80000002)
T062C 000:753.178 - 0.218ms returns 0
T062C 000:753.187 JLINK_CORESIGHT_WriteAPDPReg(AP reg 0x01, 0x80011140)
T062C 000:753.404 - 0.217ms returns 0
T062C 000:753.413 JLINK_CORESIGHT_ReadAPDPReg(AP reg 0x03)
T062C 000:753.744   Value=0x00000002
T062C 000:753.765 - 0.352ms returns 0
T062C 000:753.773 JLINK_CORESIGHT_ReadAPDPReg(AP reg 0x03)
T062C 000:754.015   Value=0x00000002
T062C 000:754.025 - 0.251ms returns 0
T062C 000:754.033 JLINK_CORESIGHT_ReadAPDPReg(AP reg 0x03)
T062C 000:754.279   Value=0x00000002
T062C 000:754.288 - 0.255ms returns 0
T062C 000:754.296 JLINK_CORESIGHT_ReadAPDPReg(AP reg 0x03)
T062C 000:754.532   Value=0x00000002
T062C 000:754.541 - 0.245ms returns 0
T062C 000:754.549 JLINK_CORESIGHT_ReadAPDPReg(AP reg 0x03)
T062C 000:754.794   Value=0x00000002
T062C 000:754.803 - 0.254ms returns 0
T062C 000:754.811 JLINK_CORESIGHT_ReadAPDPReg(AP reg 0x03)
T062C 000:755.054   Value=0x00000002
T062C 000:755.063 - 0.252ms returns 0
T062C 000:755.071 JLINK_CORESIGHT_ReadAPDPReg(AP reg 0x03)
T062C 000:755.316   Value=0x00000000
T062C 000:755.326 - 0.254ms returns 0
T062C 000:755.334 JLINK_CORESIGHT_WriteAPDPReg(AP reg 0x00, 0x80000002)
T062C 000:755.552 - 0.218ms returns 0
T062C 000:755.561 JLINK_CORESIGHT_WriteAPDPReg(AP reg 0x01, 0x80011130)
T062C 000:755.770 - 0.209ms returns 0
T062C 000:755.778 JLINK_CORESIGHT_ReadAPDPReg(AP reg 0x03)
T062C 000:756.057   Value=0x2C020081
T062C 000:756.066 - 0.288ms returns 0
T062C 000:756.074 JLINK_CORESIGHT_WriteAPDPReg(AP reg 0x00, 0x80000002)
T062C 000:756.295 - 0.220ms returns 0
T062C 000:756.303 JLINK_CORESIGHT_WriteAPDPReg(AP reg 0x01, 0x80011140)
T062C 000:756.520 - 0.216ms returns 0
T062C 000:756.529 JLINK_CORESIGHT_ReadAPDPReg(AP reg 0x03)
T062C 000:756.795   Value=0x00000000
T062C 000:756.804 - 0.275ms returns 0
T062C 000:756.813 JLINK_CORESIGHT_WriteAPDPReg(AP reg 0x00, 0x80000002)
T062C 000:757.025 - 0.212ms returns 0
T062C 000:757.034 JLINK_CORESIGHT_WriteAPDPReg(AP reg 0x01, 0x80011130)
T062C 000:757.254 - 0.220ms returns 0
T062C 000:757.262 JLINK_CORESIGHT_ReadAPDPReg(AP reg 0x03)
T062C 000:757.530   Value=0x0003CE04
T062C 000:757.539 - 0.276ms returns 0
T062C 000:757.550 JLINK_CORESIGHT_WriteAPDPReg(AP reg 0x00, 0x80000002)
T062C 000:757.768 - 0.218ms returns 0
T062C 000:757.777 JLINK_CORESIGHT_WriteAPDPReg(AP reg 0x01, 0x80011140)
T062C 000:757.996 - 0.219ms returns 0
T062C 000:758.005 JLINK_CORESIGHT_ReadAPDPReg(AP reg 0x03)
T062C 000:758.274   Value=0x00000002
T062C 000:758.284 - 0.279ms returns 0
T062C 000:758.292 JLINK_CORESIGHT_WriteAPDPReg(AP reg 0x00, 0x80000002)
T062C 000:758.512 - 0.219ms returns 0
T062C 000:758.521 JLINK_CORESIGHT_WriteAPDPReg(AP reg 0x01, 0x80011120)
T062C 000:758.730 - 0.209ms returns 0
T062C 000:758.738 JLINK_CORESIGHT_WriteAPDPReg(AP reg 0x03, 0x73010001)
T062C 000:758.955 - 0.216ms returns 0
T062C 000:758.964 JLINK_CORESIGHT_WriteAPDPReg(AP reg 0x00, 0x80000002)
T062C 000:759.177 - 0.213ms returns 0
T062C 000:759.186 JLINK_CORESIGHT_WriteAPDPReg(AP reg 0x01, 0x80011140)
T062C 000:759.401 - 0.214ms returns 0
T062C 000:759.410 JLINK_CORESIGHT_ReadAPDPReg(AP reg 0x03)
T062C 000:759.768   Value=0x00000002
T062C 000:759.778 - 0.368ms returns 0
T062C 000:759.786 JLINK_CORESIGHT_WriteAPDPReg(AP reg 0x00, 0x80000002)
T062C 000:760.006 - 0.220ms returns 0
T062C 000:760.015 JLINK_CORESIGHT_WriteAPDPReg(AP reg 0x01, 0x80011120)
T062C 000:760.235 - 0.219ms returns 0
T062C 000:760.244 JLINK_CORESIGHT_WriteAPDPReg(AP reg 0x03, 0x0000038C)
T062C 000:760.464 - 0.220ms returns 0
T062C 000:760.473 JLINK_CORESIGHT_WriteAPDPReg(AP reg 0x00, 0x80000002)
T062C 000:760.730 - 0.257ms returns 0
T062C 000:760.738 JLINK_CORESIGHT_WriteAPDPReg(AP reg 0x01, 0x80011140)
T062C 000:760.956 - 0.218ms returns 0
T062C 000:760.965 JLINK_CORESIGHT_ReadAPDPReg(AP reg 0x03)
T062C 000:761.239   Value=0x00000000
T062C 000:761.249 - 0.283ms returns 0
T062C 000:761.257 JLINK_CORESIGHT_WriteAPDPReg(AP reg 0x00, 0x80000002)
T062C 000:762.097 - 0.839ms returns 0
T062C 000:762.108 JLINK_CORESIGHT_WriteAPDPReg(AP reg 0x01, 0x80011130)
T062C 000:762.333 - 0.225ms returns 0
T062C 000:762.342 JLINK_CORESIGHT_ReadAPDPReg(AP reg 0x03)
T062C 000:762.609   Value=0x73020081
T062C 000:762.618 - 0.276ms returns 0
T062C 000:762.626 JLINK_CORESIGHT_WriteAPDPReg(AP reg 0x00, 0x80000002)
T062C 000:762.883 - 0.257ms returns 0
T062C 000:762.892 JLINK_CORESIGHT_WriteAPDPReg(AP reg 0x01, 0x80011140)
T062C 000:763.111 - 0.219ms returns 0
T062C 000:763.119 JLINK_CORESIGHT_ReadAPDPReg(AP reg 0x03)
T062C 000:763.386   Value=0x00000000
T062C 000:763.394 - 0.275ms returns 0
T062C 000:763.401 JLINK_CORESIGHT_WriteAPDPReg(AP reg 0x00, 0x80000002)
T062C 000:763.614 - 0.212ms returns 0
T062C 000:763.622 JLINK_CORESIGHT_WriteAPDPReg(AP reg 0x01, 0x80011130)
T062C 000:763.856 - 0.234ms returns 0
T062C 000:763.863 JLINK_CORESIGHT_ReadAPDPReg(AP reg 0x03)
T062C 000:764.118   Value=0x00038902
T062C 000:764.126 - 0.263ms returns 0
T062C 000:764.133 JLINK_CORESIGHT_WriteAPDPReg(AP reg 0x00, 0x80000002)
T062C 000:764.345 - 0.212ms returns 0
T062C 000:764.352 JLINK_CORESIGHT_WriteAPDPReg(AP reg 0x01, 0x80011140)
T062C 000:764.565 - 0.212ms returns 0
T062C 000:764.572 JLINK_CORESIGHT_ReadAPDPReg(AP reg 0x03)
T062C 000:764.817   Value=0x00000002
T062C 000:764.824 - 0.252ms returns 0
T062C 000:764.831 JLINK_CORESIGHT_WriteAPDPReg(AP reg 0x00, 0x80000002)
T062C 000:765.041 - 0.210ms returns 0
T062C 000:765.049 JLINK_CORESIGHT_WriteAPDPReg(AP reg 0x01, 0x80011120)
T062C 000:765.264 - 0.216ms returns 0
T062C 000:765.272 JLINK_CORESIGHT_WriteAPDPReg(AP reg 0x03, 0x75010001)
T062C 000:765.491 - 0.219ms returns 0
T062C 000:765.499 JLINK_CORESIGHT_WriteAPDPReg(AP reg 0x00, 0x80000002)
T062C 000:765.726 - 0.227ms returns 0
T062C 000:765.734 JLINK_CORESIGHT_WriteAPDPReg(AP reg 0x01, 0x80011140)
T062C 000:765.947 - 0.213ms returns 0
T062C 000:765.955 JLINK_CORESIGHT_ReadAPDPReg(AP reg 0x03)
T062C 000:766.220   Value=0x00000002
T062C 000:766.228 - 0.273ms returns 0
T062C 000:766.235 JLINK_CORESIGHT_WriteAPDPReg(AP reg 0x00, 0x80000002)
T062C 000:766.448 - 0.213ms returns 0
T062C 000:766.455 JLINK_CORESIGHT_WriteAPDPReg(AP reg 0x01, 0x80011120)
T062C 000:766.726 - 0.271ms returns 0
T062C 000:766.734 JLINK_CORESIGHT_WriteAPDPReg(AP reg 0x03, 0x0000038A)
T062C 000:766.946 - 0.212ms returns 0
T062C 000:766.954 JLINK_CORESIGHT_WriteAPDPReg(AP reg 0x00, 0x80000002)
T062C 000:767.168 - 0.214ms returns 0
T062C 000:767.175 JLINK_CORESIGHT_WriteAPDPReg(AP reg 0x01, 0x80011140)
T062C 000:767.383 - 0.208ms returns 0
T062C 000:767.391 JLINK_CORESIGHT_ReadAPDPReg(AP reg 0x03)
T062C 000:767.650   Value=0x00000002
T062C 000:767.658 - 0.267ms returns 0
T062C 000:767.665 JLINK_CORESIGHT_ReadAPDPReg(AP reg 0x03)
T062C 000:767.893   Value=0x00000002
T062C 000:767.901 - 0.236ms returns 0
T062C 000:767.908 JLINK_CORESIGHT_ReadAPDPReg(AP reg 0x03)
T062C 000:768.145   Value=0x00000002
T062C 000:768.153 - 0.244ms returns 0
T062C 000:768.163 JLINK_CORESIGHT_ReadAPDPReg(AP reg 0x03)
T062C 000:768.414   Value=0x00000000
T062C 000:768.422 - 0.259ms returns 0
T062C 000:768.432 JLINK_CORESIGHT_WriteAPDPReg(AP reg 0x00, 0x80000002)
T062C 000:768.635 - 0.203ms returns 0
T062C 000:768.645 JLINK_CORESIGHT_WriteAPDPReg(AP reg 0x01, 0x80011130)
T062C 000:768.859 - 0.214ms returns 0
T062C 000:768.869 JLINK_CORESIGHT_ReadAPDPReg(AP reg 0x03)
T062C 000:769.133   Value=0x75020081
T062C 000:769.141 - 0.272ms returns 0
T062C 000:769.150 JLINK_CORESIGHT_WriteAPDPReg(AP reg 0x00, 0x80000002)
T062C 000:769.360 - 0.210ms returns 0
T062C 000:769.370 JLINK_CORESIGHT_WriteAPDPReg(AP reg 0x01, 0x80011140)
T062C 000:769.578 - 0.208ms returns 0
T062C 000:769.589 JLINK_CORESIGHT_ReadAPDPReg(AP reg 0x03)
T062C 000:769.845   Value=0x00000000
T062C 000:769.853 - 0.264ms returns 0
T062C 000:769.863 JLINK_CORESIGHT_WriteAPDPReg(AP reg 0x00, 0x80000002)
T062C 000:770.073 - 0.210ms returns 0
T062C 000:770.083 JLINK_CORESIGHT_WriteAPDPReg(AP reg 0x01, 0x80011130)
T062C 000:770.300 - 0.217ms returns 0
T062C 000:770.310 JLINK_CORESIGHT_ReadAPDPReg(AP reg 0x03)
T062C 000:770.573   Value=0x00038702
T062C 000:770.588 - 0.271ms returns 0
T062C 000:770.600 JLINK_CORESIGHT_WriteAPDPReg(AP reg 0x00, 0x80000002)
T062C 000:770.851 - 0.251ms returns 0
T062C 000:770.861 JLINK_CORESIGHT_WriteAPDPReg(AP reg 0x01, 0x80011140)
T062C 000:771.076 - 0.215ms returns 0
T062C 000:771.090 JLINK_CORESIGHT_ReadAPDPReg(AP reg 0x03)
T062C 000:771.539   Value=0x00000002
T062C 000:771.548 - 0.457ms returns 0
T062C 000:771.558 JLINK_CORESIGHT_WriteAPDPReg(AP reg 0x00, 0x80000002)
T062C 000:771.766 - 0.209ms returns 0
T062C 000:771.776 JLINK_CORESIGHT_WriteAPDPReg(AP reg 0x01, 0x80011120)
T062C 000:771.982 - 0.206ms returns 0
T062C 000:771.992 JLINK_CORESIGHT_WriteAPDPReg(AP reg 0x03, 0x4E0B0001)
T062C 000:772.197 - 0.204ms returns 0
T062C 000:772.207 JLINK_CORESIGHT_WriteAPDPReg(AP reg 0x00, 0x80000002)
T062C 000:772.412 - 0.204ms returns 0
T062C 000:772.422 JLINK_CORESIGHT_WriteAPDPReg(AP reg 0x01, 0x80011140)
T062C 000:772.635 - 0.213ms returns 0
T062C 000:772.645 JLINK_CORESIGHT_ReadAPDPReg(AP reg 0x03)
T062C 000:772.911   Value=0x00000002
T062C 000:772.920 - 0.275ms returns 0
T062C 000:772.930 JLINK_CORESIGHT_WriteAPDPReg(AP reg 0x00, 0x80000002)
T062C 000:773.140 - 0.209ms returns 0
T062C 000:773.150 JLINK_CORESIGHT_WriteAPDPReg(AP reg 0x01, 0x80011120)
T062C 000:773.359 - 0.209ms returns 0
T062C 000:773.370 JLINK_CORESIGHT_WriteAPDPReg(AP reg 0x03, 0x80010000)
T062C 000:773.578 - 0.208ms returns 0
T062C 000:773.588 JLINK_CORESIGHT_WriteAPDPReg(AP reg 0x00, 0x80000002)
T062C 000:773.859 - 0.270ms returns 0
T062C 000:773.869 JLINK_CORESIGHT_WriteAPDPReg(AP reg 0x01, 0x80011140)
T062C 000:774.077 - 0.208ms returns 0
T062C 000:774.088 JLINK_CORESIGHT_ReadAPDPReg(AP reg 0x03)
T062C 000:774.352   Value=0x00000002
T062C 000:774.361 - 0.273ms returns 0
T062C 000:774.371 JLINK_CORESIGHT_WriteAPDPReg(AP reg 0x00, 0x80000002)
T062C 000:774.574 - 0.203ms returns 0
T062C 000:774.584 JLINK_CORESIGHT_WriteAPDPReg(AP reg 0x01, 0x80011120)
T062C 000:774.793 - 0.209ms returns 0
T062C 000:774.804 JLINK_CORESIGHT_WriteAPDPReg(AP reg 0x03, 0x00000000)
T062C 000:775.016 - 0.212ms returns 0
T062C 000:775.026 JLINK_CORESIGHT_WriteAPDPReg(AP reg 0x00, 0x80000002)
T062C 000:775.258 - 0.232ms returns 0
T062C 000:775.273 JLINK_CORESIGHT_WriteAPDPReg(AP reg 0x01, 0x80011140)
T062C 000:775.490 - 0.217ms returns 0
T062C 000:775.501 JLINK_CORESIGHT_ReadAPDPReg(AP reg 0x03)
T062C 000:775.905   Value=0x00000002
T062C 000:775.922 - 0.420ms returns 0
T062C 000:775.934 JLINK_CORESIGHT_WriteAPDPReg(AP reg 0x00, 0x80000002)
T062C 000:776.184 - 0.250ms returns 0
T062C 000:776.199 JLINK_CORESIGHT_WriteAPDPReg(AP reg 0x01, 0x80011120)
T062C 000:776.468 - 0.269ms returns 0
T062C 000:776.481 JLINK_CORESIGHT_WriteAPDPReg(AP reg 0x03, 0x03260000)
T062C 000:776.730 - 0.249ms returns 0
T062C 000:776.742 JLINK_CORESIGHT_WriteAPDPReg(AP reg 0x00, 0x80000002)
T062C 000:776.954 - 0.212ms returns 0
T062C 000:776.965 JLINK_CORESIGHT_WriteAPDPReg(AP reg 0x01, 0x80011140)
T062C 000:777.177 - 0.212ms returns 0
T062C 000:777.188 JLINK_CORESIGHT_ReadAPDPReg(AP reg 0x03)
T062C 000:777.445   Value=0x00000002
T062C 000:777.453 - 0.266ms returns 0
T062C 000:777.463 JLINK_CORESIGHT_ReadAPDPReg(AP reg 0x03)
T062C 000:777.727   Value=0x00000002
T062C 000:777.735 - 0.271ms returns 0
T062C 000:777.744 JLINK_CORESIGHT_ReadAPDPReg(AP reg 0x03)
T062C 000:777.972   Value=0x00000002
T062C 000:777.980 - 0.236ms returns 0
T062C 000:777.989 JLINK_CORESIGHT_ReadAPDPReg(AP reg 0x03)
T062C 000:778.225   Value=0x00000002
T062C 000:778.233 - 0.244ms returns 0
T062C 000:778.242 JLINK_CORESIGHT_ReadAPDPReg(AP reg 0x03)
T062C 000:778.483   Value=0x00000002
T062C 000:778.491 - 0.248ms returns 0
T062C 000:778.501 JLINK_CORESIGHT_ReadAPDPReg(AP reg 0x03)
T062C 000:778.727   Value=0x00000002
T062C 000:778.735 - 0.234ms returns 0
T062C 000:778.745 JLINK_CORESIGHT_ReadAPDPReg(AP reg 0x03)
T062C 000:778.974   Value=0x00000002
T062C 000:778.983 - 0.237ms returns 0
T062C 000:778.992 JLINK_CORESIGHT_ReadAPDPReg(AP reg 0x03)
T062C 000:779.226   Value=0x00000002
T062C 000:779.234 - 0.242ms returns 0
T062C 000:779.244 JLINK_CORESIGHT_ReadAPDPReg(AP reg 0x03)
T062C 000:779.478   Value=0x00000002
T062C 000:779.486 - 0.242ms returns 0
T062C 000:779.496 JLINK_CORESIGHT_ReadAPDPReg(AP reg 0x03)
T062C 000:779.727   Value=0x00000002
T062C 000:779.735 - 0.239ms returns 0
T062C 000:779.745 JLINK_CORESIGHT_ReadAPDPReg(AP reg 0x03)
T062C 000:779.975   Value=0x00000002
T062C 000:779.983 - 0.238ms returns 0
T062C 000:779.993 JLINK_CORESIGHT_ReadAPDPReg(AP reg 0x03)
T062C 000:780.233   Value=0x00000002
T062C 000:780.241 - 0.248ms returns 0
T062C 000:780.251 JLINK_CORESIGHT_ReadAPDPReg(AP reg 0x03)
T062C 000:780.482   Value=0x00000002
T062C 000:780.491 - 0.239ms returns 0
T062C 000:780.501 JLINK_CORESIGHT_ReadAPDPReg(AP reg 0x03)
T062C 000:780.727   Value=0x00000002
T062C 000:780.736 - 0.235ms returns 0
T062C 000:780.746 JLINK_CORESIGHT_ReadAPDPReg(AP reg 0x03)
T062C 000:780.975   Value=0x00000002
T062C 000:780.984 - 0.238ms returns 0
T062C 000:780.994 JLINK_CORESIGHT_ReadAPDPReg(AP reg 0x03)
T062C 000:781.223   Value=0x00000002
T062C 000:781.232 - 0.238ms returns 0
T062C 000:781.243 JLINK_CORESIGHT_ReadAPDPReg(AP reg 0x03)
T062C 000:781.478   Value=0x00000002
T062C 000:781.487 - 0.243ms returns 0
T062C 000:781.497 JLINK_CORESIGHT_ReadAPDPReg(AP reg 0x03)
T062C 000:781.727   Value=0x00000002
T062C 000:781.736 - 0.239ms returns 0
T062C 000:781.754 JLINK_CORESIGHT_ReadAPDPReg(AP reg 0x03)
T062C 000:781.984   Value=0x00000002
T062C 000:781.994 - 0.247ms returns 0
T062C 000:782.004 JLINK_CORESIGHT_ReadAPDPReg(AP reg 0x03)
T062C 000:782.236   Value=0x00000002
T062C 000:782.244 - 0.241ms returns 0
T062C 000:782.254 JLINK_CORESIGHT_ReadAPDPReg(AP reg 0x03)
T062C 000:782.485   Value=0x00000002
T062C 000:782.493 - 0.239ms returns 0
T062C 000:782.503 JLINK_CORESIGHT_ReadAPDPReg(AP reg 0x03)
T062C 000:782.733   Value=0x00000002
T062C 000:782.742 - 0.238ms returns 0
T062C 000:782.752 JLINK_CORESIGHT_ReadAPDPReg(AP reg 0x03)
T062C 000:782.987   Value=0x00000002
T062C 000:782.995 - 0.243ms returns 0
T062C 000:783.005 JLINK_CORESIGHT_ReadAPDPReg(AP reg 0x03)
T062C 000:783.240   Value=0x00000002
T062C 000:783.249 - 0.244ms returns 0
T062C 000:783.259 JLINK_CORESIGHT_ReadAPDPReg(AP reg 0x03)
T062C 000:783.490   Value=0x00000002
T062C 000:783.498 - 0.239ms returns 0
T062C 000:783.508 JLINK_CORESIGHT_ReadAPDPReg(AP reg 0x03)
T062C 000:783.727   Value=0x00000002
T062C 000:783.736 - 0.228ms returns 0
T062C 000:783.746 JLINK_CORESIGHT_ReadAPDPReg(AP reg 0x03)
T062C 000:783.975   Value=0x00000002
T062C 000:783.984 - 0.237ms returns 0
T062C 000:783.993 JLINK_CORESIGHT_ReadAPDPReg(AP reg 0x03)
T062C 000:784.223   Value=0x00000002
T062C 000:784.231 - 0.237ms returns 0
T062C 000:784.240 JLINK_CORESIGHT_ReadAPDPReg(AP reg 0x03)
T062C 000:784.483   Value=0x00000002
T062C 000:784.491 - 0.250ms returns 0
T062C 000:784.500 JLINK_CORESIGHT_ReadAPDPReg(AP reg 0x03)
T062C 000:784.733   Value=0x00000002
T062C 000:784.741 - 0.240ms returns 0
T062C 000:784.751 JLINK_CORESIGHT_ReadAPDPReg(AP reg 0x03)
T062C 000:784.982   Value=0x00000002
T062C 000:784.990 - 0.239ms returns 0
T062C 000:785.000 JLINK_CORESIGHT_ReadAPDPReg(AP reg 0x03)
T062C 000:785.234   Value=0x00000002
T062C 000:785.242 - 0.242ms returns 0
T062C 000:785.252 JLINK_CORESIGHT_ReadAPDPReg(AP reg 0x03)
T062C 000:785.481   Value=0x00000002
T062C 000:785.490 - 0.238ms returns 0
T062C 000:785.499 JLINK_CORESIGHT_ReadAPDPReg(AP reg 0x03)
T062C 000:785.727   Value=0x00000002
T062C 000:785.735 - 0.236ms returns 0
T062C 000:785.745 JLINK_CORESIGHT_ReadAPDPReg(AP reg 0x03)
T062C 000:785.977   Value=0x00000002
T062C 000:785.986 - 0.241ms returns 0
T062C 000:785.995 JLINK_CORESIGHT_ReadAPDPReg(AP reg 0x03)
T062C 000:786.228   Value=0x00000002
T062C 000:786.236 - 0.240ms returns 0
T062C 000:786.245 JLINK_CORESIGHT_ReadAPDPReg(AP reg 0x03)
T062C 000:786.482   Value=0x00000002
T062C 000:786.490 - 0.245ms returns 0
T062C 000:786.500 JLINK_CORESIGHT_ReadAPDPReg(AP reg 0x03)
T062C 000:786.727   Value=0x00000002
T062C 000:786.736 - 0.235ms returns 0
T062C 000:786.745 JLINK_CORESIGHT_ReadAPDPReg(AP reg 0x03)
T062C 000:786.976   Value=0x00000002
T062C 000:786.984 - 0.239ms returns 0
T062C 000:786.994 JLINK_CORESIGHT_ReadAPDPReg(AP reg 0x03)
T062C 000:787.222   Value=0x00000002
T062C 000:787.230 - 0.237ms returns 0
T062C 000:787.240 JLINK_CORESIGHT_ReadAPDPReg(AP reg 0x03)
T062C 000:787.476   Value=0x00000002
T062C 000:787.484 - 0.244ms returns 0
T062C 000:787.494 JLINK_CORESIGHT_ReadAPDPReg(AP reg 0x03)
T062C 000:787.727   Value=0x00000002
T062C 000:787.735 - 0.241ms returns 0
T062C 000:787.745 JLINK_CORESIGHT_ReadAPDPReg(AP reg 0x03)
T062C 000:787.978   Value=0x00000002
T062C 000:787.987 - 0.242ms returns 0
T062C 000:787.996 JLINK_CORESIGHT_ReadAPDPReg(AP reg 0x03)
T062C 000:788.232   Value=0x00000002
T062C 000:788.240 - 0.243ms returns 0
T062C 000:788.249 JLINK_CORESIGHT_ReadAPDPReg(AP reg 0x03)
T062C 000:788.481   Value=0x00000002
T062C 000:788.489 - 0.240ms returns 0
T062C 000:788.498 JLINK_CORESIGHT_ReadAPDPReg(AP reg 0x03)
T062C 000:788.726   Value=0x00000002
T062C 000:788.734 - 0.236ms returns 0
T062C 000:788.744 JLINK_CORESIGHT_ReadAPDPReg(AP reg 0x03)
T062C 000:788.982   Value=0x00000002
T062C 000:788.990 - 0.246ms returns 0
T062C 000:788.999 JLINK_CORESIGHT_ReadAPDPReg(AP reg 0x03)
T062C 000:789.235   Value=0x00000002
T062C 000:789.244 - 0.244ms returns 0
T062C 000:789.253 JLINK_CORESIGHT_ReadAPDPReg(AP reg 0x03)
T062C 000:789.489   Value=0x00000002
T062C 000:789.498 - 0.244ms returns 0
T062C 000:789.507 JLINK_CORESIGHT_ReadAPDPReg(AP reg 0x03)
T062C 000:789.766   Value=0x00000002
T062C 000:789.774 - 0.267ms returns 0
T062C 000:789.783 JLINK_CORESIGHT_ReadAPDPReg(AP reg 0x03)
T062C 000:790.017   Value=0x00000002
T062C 000:790.025 - 0.241ms returns 0
T062C 000:790.034 JLINK_CORESIGHT_ReadAPDPReg(AP reg 0x03)
T062C 000:790.263   Value=0x00000002
T062C 000:790.271 - 0.237ms returns 0
T062C 000:790.280 JLINK_CORESIGHT_ReadAPDPReg(AP reg 0x03)
T062C 000:790.516   Value=0x00000002
T062C 000:790.525 - 0.244ms returns 0
T062C 000:790.534 JLINK_CORESIGHT_ReadAPDPReg(AP reg 0x03)
T062C 000:790.766   Value=0x00000002
T062C 000:790.775 - 0.240ms returns 0
T062C 000:790.784 JLINK_CORESIGHT_ReadAPDPReg(AP reg 0x03)
T062C 000:792.931   Value=0x00000002
T062C 000:792.959 - 2.175ms returns 0
T062C 000:792.970 JLINK_CORESIGHT_ReadAPDPReg(AP reg 0x03)
T062C 000:793.212   Value=0x00000000
T062C 000:793.221 - 0.250ms returns 0
T062C 000:793.231 JLINK_CORESIGHT_WriteAPDPReg(AP reg 0x00, 0x80000002)
T062C 000:793.449 - 0.218ms returns 0
T062C 000:793.460 JLINK_CORESIGHT_WriteAPDPReg(AP reg 0x01, 0x80011130)
T062C 000:793.728 - 0.267ms returns 0
T062C 000:793.739 JLINK_CORESIGHT_ReadAPDPReg(AP reg 0x03)
T062C 000:794.008   Value=0x4E0A0081
T062C 000:794.018 - 0.279ms returns 0
T062C 000:794.028 JLINK_CORESIGHT_WriteAPDPReg(AP reg 0x00, 0x80000002)
T062C 000:794.246 - 0.218ms returns 0
T062C 000:794.257 JLINK_CORESIGHT_WriteAPDPReg(AP reg 0x01, 0x80011140)
T062C 000:794.463 - 0.206ms returns 0
T062C 000:794.474 JLINK_CORESIGHT_ReadAPDPReg(AP reg 0x03)
T062C 000:794.728   Value=0x00000000
T062C 000:794.737 - 0.262ms returns 0
T062C 000:794.747 JLINK_CORESIGHT_WriteAPDPReg(AP reg 0x00, 0x80000002)
T062C 000:794.958 - 0.211ms returns 0
T062C 000:794.969 JLINK_CORESIGHT_WriteAPDPReg(AP reg 0x01, 0x80011130)
T062C 000:795.740 - 0.770ms returns 0
T062C 000:795.760 JLINK_CORESIGHT_ReadAPDPReg(AP reg 0x03)
T062C 000:796.176   Value=0xFFFFFF00
T062C 000:796.187 - 0.426ms returns 0
T062C 000:796.198 JLINK_CORESIGHT_WriteAPDPReg(AP reg 0x00, 0x80000002)
T062C 000:796.375 - 0.177ms returns 0
T062C 000:796.386 JLINK_CORESIGHT_WriteAPDPReg(AP reg 0x01, 0x80011140)
T062C 000:796.588 - 0.202ms returns 0
T062C 000:796.599 JLINK_CORESIGHT_ReadAPDPReg(AP reg 0x03)
T062C 000:796.903   Value=0x00000000
T062C 000:796.912 - 0.313ms returns 0
T062C 000:797.320 JLINK_CORESIGHT_WriteAPDPReg(AP reg 0x00, 0x80000002)
T062C 000:797.530 - 0.210ms returns 0
T062C 000:797.538 JLINK_CORESIGHT_WriteAPDPReg(AP reg 0x01, 0x80011130)
T062C 000:797.728 - 0.190ms returns 0
T062C 000:797.736 JLINK_CORESIGHT_ReadAPDPReg(AP reg 0x03)
T062C 000:798.001   Value=0xFFFFFFFF
T062C 000:798.009 - 0.274ms returns 0
T062C 000:798.017 JLINK_CORESIGHT_WriteAPDPReg(AP reg 0x00, 0x80000002)
T062C 000:798.235 - 0.218ms returns 0
T062C 000:798.242 JLINK_CORESIGHT_WriteAPDPReg(AP reg 0x01, 0x80011140)
T062C 000:798.452 - 0.209ms returns 0
T062C 000:798.459 JLINK_CORESIGHT_ReadAPDPReg(AP reg 0x03)
T062C 000:798.726   Value=0x00000000
T062C 000:798.734 - 0.275ms returns 0
T062C 000:798.741 JLINK_CORESIGHT_WriteAPDPReg(AP reg 0x00, 0x80000002)
T062C 000:798.944 - 0.203ms returns 0
T062C 000:798.952 JLINK_CORESIGHT_WriteAPDPReg(AP reg 0x01, 0x80011130)
T062C 000:799.165 - 0.213ms returns 0
T062C 000:799.172 JLINK_CORESIGHT_ReadAPDPReg(AP reg 0x03)
T062C 000:799.437   Value=0x0003B0FF
T062C 000:799.445 - 0.273ms returns 0
T062C 000:799.454 JLINK_CORESIGHT_WriteAPDPReg(AP reg 0x00, 0x80000002)
T062C 000:799.727 - 0.273ms returns 0
T062C 000:799.735 JLINK_CORESIGHT_WriteAPDPReg(AP reg 0x01, 0x80011140)
T062C 000:799.948 - 0.213ms returns 0
T062C 000:799.955 JLINK_CORESIGHT_ReadAPDPReg(AP reg 0x03)
T062C 000:800.211   Value=0x00000002
T062C 000:800.219 - 0.264ms returns 0
T062C 000:800.226 JLINK_CORESIGHT_WriteAPDPReg(AP reg 0x00, 0x80000002)
T062C 000:800.431 - 0.204ms returns 0
T062C 000:800.438 JLINK_CORESIGHT_WriteAPDPReg(AP reg 0x01, 0x80011120)
T062C 000:800.644 - 0.205ms returns 0
T062C 000:800.651 JLINK_CORESIGHT_WriteAPDPReg(AP reg 0x03, 0x4F010001)
T062C 000:800.849 - 0.198ms returns 0
T062C 000:800.857 JLINK_CORESIGHT_WriteAPDPReg(AP reg 0x00, 0x80000002)
T062C 000:801.070 - 0.213ms returns 0
T062C 000:801.077 JLINK_CORESIGHT_WriteAPDPReg(AP reg 0x01, 0x80011140)
T062C 000:801.284 - 0.206ms returns 0
T062C 000:801.291 JLINK_CORESIGHT_ReadAPDPReg(AP reg 0x03)
T062C 000:801.546   Value=0x00000002
T062C 000:801.554 - 0.263ms returns 0
T062C 000:801.561 JLINK_CORESIGHT_WriteAPDPReg(AP reg 0x00, 0x80000002)
T062C 000:801.767 - 0.206ms returns 0
T062C 000:801.774 JLINK_CORESIGHT_WriteAPDPReg(AP reg 0x01, 0x80011120)
T062C 000:801.987 - 0.212ms returns 0
T062C 000:801.994 JLINK_CORESIGHT_WriteAPDPReg(AP reg 0x03, 0x000003B0)
T062C 000:802.202 - 0.208ms returns 0
T062C 000:802.210 JLINK_CORESIGHT_WriteAPDPReg(AP reg 0x00, 0x80000002)
T062C 000:802.424 - 0.214ms returns 0
T062C 000:802.432 JLINK_CORESIGHT_WriteAPDPReg(AP reg 0x01, 0x80011140)
T062C 000:802.637 - 0.205ms returns 0
T062C 000:802.645 JLINK_CORESIGHT_ReadAPDPReg(AP reg 0x03)
T062C 000:802.911   Value=0x00000002
T062C 000:802.919 - 0.274ms returns 0
T062C 000:802.926 JLINK_CORESIGHT_ReadAPDPReg(AP reg 0x03)
T062C 000:803.165   Value=0x00000002
T062C 000:803.173 - 0.247ms returns 0
T062C 000:803.180 JLINK_CORESIGHT_ReadAPDPReg(AP reg 0x03)
T062C 000:803.416   Value=0x00000002
T062C 000:803.424 - 0.243ms returns 0
T062C 000:803.431 JLINK_CORESIGHT_ReadAPDPReg(AP reg 0x03)
T062C 000:803.726   Value=0x00000002
T062C 000:803.735 - 0.304ms returns 0
T062C 000:803.765 JLINK_CORESIGHT_ReadAPDPReg(AP reg 0x03)
T062C 000:804.003   Value=0x00000002
T062C 000:804.012 - 0.246ms returns 0
T062C 000:804.019 JLINK_CORESIGHT_ReadAPDPReg(AP reg 0x03)
T062C 000:804.247   Value=0x00000002
T062C 000:804.256 - 0.237ms returns 0
T062C 000:804.263 JLINK_CORESIGHT_ReadAPDPReg(AP reg 0x03)
T062C 000:804.499   Value=0x00000002
T062C 000:804.507 - 0.244ms returns 0
T062C 000:804.514 JLINK_CORESIGHT_ReadAPDPReg(AP reg 0x03)
T062C 000:804.766   Value=0x00000002
T062C 000:804.774 - 0.260ms returns 0
T062C 000:804.781 JLINK_CORESIGHT_ReadAPDPReg(AP reg 0x03)
T062C 000:805.021   Value=0x00000002
T062C 000:805.029 - 0.247ms returns 0
T062C 000:805.036 JLINK_CORESIGHT_ReadAPDPReg(AP reg 0x03)
T062C 000:805.270   Value=0x00000000
T062C 000:805.279 - 0.243ms returns 0
T062C 000:805.286 JLINK_CORESIGHT_WriteAPDPReg(AP reg 0x00, 0x80000002)
T062C 000:805.493 - 0.206ms returns 0
T062C 000:805.500 JLINK_CORESIGHT_WriteAPDPReg(AP reg 0x01, 0x80011130)
T062C 000:805.727 - 0.226ms returns 0
T062C 000:805.735 JLINK_CORESIGHT_ReadAPDPReg(AP reg 0x03)
T062C 000:805.995   Value=0x4F0B0081
T062C 000:806.003 - 0.269ms returns 0
T062C 000:806.011 JLINK_CORESIGHT_WriteAPDPReg(AP reg 0x00, 0x80000002)
T062C 000:806.223 - 0.212ms returns 0
T062C 000:806.230 JLINK_CORESIGHT_WriteAPDPReg(AP reg 0x01, 0x80011140)
T062C 000:806.444 - 0.213ms returns 0
T062C 000:806.452 JLINK_CORESIGHT_ReadAPDPReg(AP reg 0x03)
T062C 000:806.728   Value=0x00000000
T062C 000:806.736 - 0.284ms returns 0
T062C 000:806.744 JLINK_CORESIGHT_WriteAPDPReg(AP reg 0x00, 0x80000002)
T062C 000:806.949 - 0.205ms returns 0
T062C 000:806.957 JLINK_CORESIGHT_WriteAPDPReg(AP reg 0x01, 0x80011130)
T062C 000:807.172 - 0.215ms returns 0
T062C 000:807.180 JLINK_CORESIGHT_ReadAPDPReg(AP reg 0x03)
T062C 000:807.445   Value=0x80010000
T062C 000:807.453 - 0.273ms returns 0
T062C 000:807.460 JLINK_CORESIGHT_WriteAPDPReg(AP reg 0x00, 0x80000002)
T062C 000:807.727 - 0.267ms returns 0
T062C 000:807.735 JLINK_CORESIGHT_WriteAPDPReg(AP reg 0x01, 0x80011140)
T062C 000:807.943 - 0.208ms returns 0
T062C 000:807.951 JLINK_CORESIGHT_ReadAPDPReg(AP reg 0x03)
T062C 000:808.218   Value=0x00000000
T062C 000:808.226 - 0.275ms returns 0
T062C 000:808.234 JLINK_CORESIGHT_WriteAPDPReg(AP reg 0x00, 0x80000002)
T062C 000:808.442 - 0.208ms returns 0
T062C 000:808.450 JLINK_CORESIGHT_WriteAPDPReg(AP reg 0x01, 0x80011130)
T062C 000:808.727 - 0.276ms returns 0
T062C 000:808.734 JLINK_CORESIGHT_ReadAPDPReg(AP reg 0x03)
T062C 000:808.997   Value=0x00000000
T062C 000:809.005 - 0.270ms returns 0
T062C 000:809.012 JLINK_CORESIGHT_WriteAPDPReg(AP reg 0x00, 0x80000002)
T062C 000:809.224 - 0.212ms returns 0
T062C 000:809.232 JLINK_CORESIGHT_WriteAPDPReg(AP reg 0x01, 0x80011140)
T062C 000:809.438 - 0.206ms returns 0
T062C 000:809.446 JLINK_CORESIGHT_ReadAPDPReg(AP reg 0x03)
T062C 000:809.727   Value=0x00000000
T062C 000:809.735 - 0.289ms returns 0
T062C 000:809.742 JLINK_CORESIGHT_WriteAPDPReg(AP reg 0x00, 0x80000002)
T062C 000:809.954 - 0.211ms returns 0
T062C 000:809.962 JLINK_CORESIGHT_WriteAPDPReg(AP reg 0x01, 0x80011130)
T062C 000:810.180 - 0.217ms returns 0
T062C 000:810.187 JLINK_CORESIGHT_ReadAPDPReg(AP reg 0x03)
T062C 000:810.456   Value=0x03250000
T062C 000:810.464 - 0.277ms returns 0
T062C 000:810.602 JLINK_CORESIGHT_WriteAPDPReg(AP reg 0x00, 0x80000002)
T062C 000:810.863 - 0.260ms returns 0
T062C 000:810.871 JLINK_CORESIGHT_WriteAPDPReg(AP reg 0x01, 0x80011140)
T062C 000:811.077 - 0.205ms returns 0
T062C 000:811.085 JLINK_CORESIGHT_ReadAPDPReg(AP reg 0x03)
T062C 000:811.352   Value=0x00000002
T062C 000:811.360 - 0.275ms returns 0
T062C 000:811.368 JLINK_CORESIGHT_WriteAPDPReg(AP reg 0x00, 0x80000002)
T062C 000:811.580 - 0.212ms returns 0
T062C 000:811.588 JLINK_CORESIGHT_WriteAPDPReg(AP reg 0x01, 0x80011120)
T062C 000:811.860 - 0.272ms returns 0
T062C 000:811.868 JLINK_CORESIGHT_WriteAPDPReg(AP reg 0x03, 0x4F010001)
T062C 000:812.085 - 0.216ms returns 0
T062C 000:812.093 JLINK_CORESIGHT_WriteAPDPReg(AP reg 0x00, 0x80000002)
T062C 000:812.315 - 0.222ms returns 0
T062C 000:812.323 JLINK_CORESIGHT_WriteAPDPReg(AP reg 0x01, 0x80011140)
T062C 000:812.527 - 0.204ms returns 0
T062C 000:812.534 JLINK_CORESIGHT_ReadAPDPReg(AP reg 0x03)
T062C 000:812.793   Value=0x00000002
T062C 000:812.801 - 0.267ms returns 0
T062C 000:812.809 JLINK_CORESIGHT_WriteAPDPReg(AP reg 0x00, 0x80000002)
T062C 000:813.019 - 0.210ms returns 0
T062C 000:813.027 JLINK_CORESIGHT_WriteAPDPReg(AP reg 0x01, 0x80011120)
T062C 000:813.240 - 0.212ms returns 0
T062C 000:813.247 JLINK_CORESIGHT_WriteAPDPReg(AP reg 0x03, 0x000003B0)
T062C 000:813.465 - 0.217ms returns 0
T062C 000:813.473 JLINK_CORESIGHT_WriteAPDPReg(AP reg 0x00, 0x80000002)
T062C 000:813.727 - 0.254ms returns 0
T062C 000:813.735 JLINK_CORESIGHT_WriteAPDPReg(AP reg 0x01, 0x80011140)
T062C 000:813.943 - 0.208ms returns 0
T062C 000:813.951 JLINK_CORESIGHT_ReadAPDPReg(AP reg 0x03)
T062C 000:814.217   Value=0x00000002
T062C 000:814.225 - 0.274ms returns 0
T062C 000:814.233 JLINK_CORESIGHT_ReadAPDPReg(AP reg 0x03)
T062C 000:814.472   Value=0x00000002
T062C 000:814.480 - 0.247ms returns 0
T062C 000:814.488 JLINK_CORESIGHT_ReadAPDPReg(AP reg 0x03)
T062C 000:814.727   Value=0x00000002
T062C 000:814.736 - 0.248ms returns 0
T062C 000:814.743 JLINK_CORESIGHT_ReadAPDPReg(AP reg 0x03)
T062C 000:814.984   Value=0x00000002
T062C 000:814.993 - 0.249ms returns 0
T062C 000:815.000 JLINK_CORESIGHT_ReadAPDPReg(AP reg 0x03)
T062C 000:815.234   Value=0x00000002
T062C 000:815.242 - 0.242ms returns 0
T062C 000:815.250 JLINK_CORESIGHT_ReadAPDPReg(AP reg 0x03)
T062C 000:815.483   Value=0x00000002
T062C 000:815.492 - 0.242ms returns 0
T062C 000:815.499 JLINK_CORESIGHT_ReadAPDPReg(AP reg 0x03)
T062C 000:815.728   Value=0x00000002
T062C 000:815.736 - 0.237ms returns 0
T062C 000:815.744 JLINK_CORESIGHT_ReadAPDPReg(AP reg 0x03)
T062C 000:815.986   Value=0x00000002
T062C 000:815.995 - 0.251ms returns 0
T062C 000:816.002 JLINK_CORESIGHT_ReadAPDPReg(AP reg 0x03)
T062C 000:816.239   Value=0x00000002
T062C 000:816.248 - 0.246ms returns 0
T062C 000:816.255 JLINK_CORESIGHT_ReadAPDPReg(AP reg 0x03)
T062C 000:816.489   Value=0x00000000
T062C 000:816.497 - 0.242ms returns 0
T062C 000:816.505 JLINK_CORESIGHT_WriteAPDPReg(AP reg 0x00, 0x80000002)
T062C 000:816.728 - 0.223ms returns 0
T062C 000:816.736 JLINK_CORESIGHT_WriteAPDPReg(AP reg 0x01, 0x80011130)
T062C 000:816.953 - 0.217ms returns 0
T062C 000:816.961 JLINK_CORESIGHT_ReadAPDPReg(AP reg 0x03)
T062C 000:817.233   Value=0x4F0B0081
T062C 000:817.242 - 0.280ms returns 0
T062C 000:817.249 JLINK_CORESIGHT_WriteAPDPReg(AP reg 0x00, 0x80000002)
T062C 000:817.457 - 0.208ms returns 0
T062C 000:817.465 JLINK_CORESIGHT_WriteAPDPReg(AP reg 0x01, 0x80011140)
T062C 000:817.728 - 0.262ms returns 0
T062C 000:817.736 JLINK_CORESIGHT_ReadAPDPReg(AP reg 0x03)
T062C 000:818.005   Value=0x00000000
T062C 000:818.014 - 0.278ms returns 0
T062C 000:818.022 JLINK_CORESIGHT_WriteAPDPReg(AP reg 0x00, 0x80000002)
T062C 000:818.240 - 0.218ms returns 0
T062C 000:818.248 JLINK_CORESIGHT_WriteAPDPReg(AP reg 0x01, 0x80011130)
T062C 000:818.471 - 0.222ms returns 0
T062C 000:818.479 JLINK_CORESIGHT_ReadAPDPReg(AP reg 0x03)
T062C 000:818.728   Value=0x80010000
T062C 000:818.736 - 0.257ms returns 0
T062C 000:818.744 JLINK_CORESIGHT_WriteAPDPReg(AP reg 0x00, 0x80000002)
T062C 000:819.005 - 0.261ms returns 0
T062C 000:819.015 JLINK_CORESIGHT_WriteAPDPReg(AP reg 0x01, 0x80011140)
T062C 000:819.234 - 0.219ms returns 0
T062C 000:819.242 JLINK_CORESIGHT_ReadAPDPReg(AP reg 0x03)
T062C 000:819.503   Value=0x00000000
T062C 000:819.512 - 0.270ms returns 0
T062C 000:819.520 JLINK_CORESIGHT_WriteAPDPReg(AP reg 0x00, 0x80000002)
T062C 000:819.729 - 0.208ms returns 0
T062C 000:819.737 JLINK_CORESIGHT_WriteAPDPReg(AP reg 0x01, 0x80011130)
T062C 000:819.953 - 0.216ms returns 0
T062C 000:819.962 JLINK_CORESIGHT_ReadAPDPReg(AP reg 0x03)
T062C 000:820.223   Value=0x00000000
T062C 000:820.233 - 0.271ms returns 0
T062C 000:820.241 JLINK_CORESIGHT_WriteAPDPReg(AP reg 0x00, 0x80000002)
T062C 000:820.461 - 0.219ms returns 0
T062C 000:820.481 JLINK_CORESIGHT_WriteAPDPReg(AP reg 0x01, 0x80011140)
T062C 000:820.729 - 0.248ms returns 0
T062C 000:820.739 JLINK_CORESIGHT_ReadAPDPReg(AP reg 0x03)
T062C 000:821.006   Value=0x00000000
T062C 000:821.015 - 0.276ms returns 0
T062C 000:821.023 JLINK_CORESIGHT_WriteAPDPReg(AP reg 0x00, 0x80000002)
T062C 000:821.241 - 0.218ms returns 0
T062C 000:821.250 JLINK_CORESIGHT_WriteAPDPReg(AP reg 0x01, 0x80011130)
T062C 000:823.416 - 2.166ms returns 0
T062C 000:823.431 JLINK_CORESIGHT_ReadAPDPReg(AP reg 0x03)
T062C 000:823.729   Value=0x03250000
T062C 000:823.739 - 0.308ms returns 0
T062C 000:824.059 JLINK_CORESIGHT_ReadAPDPReg(DP reg 0x01)
T062C 000:824.297   Value=0xF0000F40
T062C 000:824.307 - 0.248ms returns 0
T062C 000:824.316 JLINK_CORESIGHT_WriteAPDPReg(DP reg 0x01, 0xA0000F40)
T062C 000:824.538 - 0.222ms returns 0
T062C 000:824.548 JLINK_CORESIGHT_ReadAPDPReg(DP reg 0x01)
T062C 000:824.770   Value=0x00000F40
T062C 000:824.780 - 0.232ms returns 0
T062C 000:824.789 JLINK_ClrRESET()
T062C 000:825.018 - 0.229ms
T062C 000:927.811 JLINK_Close()
T062C 000:940.589 - 12.776ms
T062C 000:940.631   
T062C 000:940.640   Closed
