T510C 000:000.418   SEGGER J-Link V7.96a Log File
T510C 000:000.525   DLL Compiled: Mar 14 2024 17:11:32
T510C 000:000.530   Logging started @ 2024-07-10 07:10
T510C 000:000.534   Process: C:\Users\Tu\.eclipse\com.renesas.platform_1211965001\DebugComp\RA\e2-server-gdb.exe
T510C 000:000.540 - 0.538ms
T510C 000:000.551 JLINK_GetDLLVersion()
T510C 000:000.557 - 0.004ms returns 79601
T510C 000:001.381 JLINK_OpenEx(...)
T510C 000:005.523   Firmware: J-Link OB-RA4M2 compiled Apr 23 2024 10:48:30
T510C 000:006.209   Firmware: J-Link OB-RA4M2 compiled Apr 23 2024 10:48:30
T510C 000:020.200   Hardware: V1.00
T510C 000:020.234   S/N: 1080305546
T510C 000:020.241   OEM: SEGGER
T510C 000:020.251   Feature(s): None
T510C 000:020.820   Bootloader: 2021 May 14
T510C 000:021.252   USB speed mode: Full speed (12 MBit/s)
T510C 000:021.552   TELNET listener socket opened on port 19021
T510C 000:021.694   WEBSRV WEBSRV_Init(): Starting webserver thread(s)
T510C 000:021.816   WEBSRV Webserver running on local port 19080
T510C 000:021.899   Looking for J-Link GUI Server exe at: C:\Users\Tu\.eclipse\com.renesas.platform_1211965001\DebugComp\RA\ARM\Segger_v7.96.1\JLinkGUIServer.exe
T510C 000:021.963   Looking for J-Link GUI Server exe at: C:\Users\Tu\SEGGER\JLink_V796g\JLinkGUIServer.exe
T510C 000:021.986   Forking J-Link GUI Server: C:\Users\Tu\SEGGER\JLink_V796g\JLinkGUIServer.exe
T510C 000:037.529   J-Link GUI Server info: "J-Link GUI server V7.96g "
T510C 000:039.014 - 37.629ms returns "O.K."
T510C 000:039.084 JLINK_TIF_Select(JLINKARM_TIF_SWD)
T510C 000:039.668 - 0.583ms returns 0x00
T510C 000:039.683 JLINK_ClrRESET()
T510C 000:039.904 - 0.220ms
T510C 000:090.877 JLINK_SetSpeed(1500)
T510C 000:091.180 - 0.311ms
T510C 000:091.221 JLINK_CORESIGHT_Configure(PerformTIFInit=0)
T510C 000:091.939 - 0.718ms returns 0
T510C 000:091.985 JLINK_CORESIGHT_ReadAPDPReg(DP reg 0x00)
T510C 000:092.586   Value=0x6BA02477
T510C 000:092.622 - 0.639ms returns 0
T510C 000:092.647 JLINK_CORESIGHT_WriteAPDPReg(DP reg 0x00, 0x0000001F)
T510C 000:093.031 - 0.384ms returns 0
T510C 000:093.067 JLINK_CORESIGHT_ReadAPDPReg(DP reg 0x00)
T510C 000:093.446   Value=0x6BA02477
T510C 000:093.481 - 0.413ms returns 0
T510C 000:093.499 JLINK_CORESIGHT_WriteAPDPReg(DP reg 0x02, 0x00000000)
T510C 000:093.790 - 0.290ms returns 0
T510C 000:093.823 JLINK_CORESIGHT_WriteAPDPReg(DP reg 0x01, 0x50000000)
T510C 000:094.066 - 0.242ms returns 0
T510C 000:094.102 JLINK_CORESIGHT_ReadAPDPReg(DP reg 0x01)
T510C 000:094.437   Value=0xF0000040
T510C 000:094.470 - 0.368ms returns 0
T510C 000:094.487 JLINK_CORESIGHT_WriteAPDPReg(DP reg 0x00, 0x0000001F)
T510C 000:094.844 - 0.356ms returns 0
T510C 000:094.880 JLINK_CORESIGHT_ReadAPDPReg(DP reg 0x00)
T510C 000:095.284   Value=0x6BA02477
T510C 000:095.319 - 0.439ms returns 0
T510C 000:095.351 JLINK_CORESIGHT_WriteAPDPReg(DP reg 0x01, 0x54000000)
T510C 000:095.645 - 0.307ms returns 0
T510C 000:095.662 JLINK_CORESIGHT_WriteAPDPReg(DP reg 0x01, 0x50000F00)
T510C 000:095.925 - 0.263ms returns 0
T510C 000:095.945 JLINK_CORESIGHT_WriteAPDPReg(DP reg 0x02, 0x01000000)
T510C 000:096.278 - 0.333ms returns 0
T510C 000:096.310 JLINK_CORESIGHT_WriteAPDPReg(AP reg 0x00, 0x80000002)
T510C 000:096.638 - 0.328ms returns 0
T510C 000:096.671 JLINK_CORESIGHT_WriteAPDPReg(AP reg 0x01, 0x80011100)
T510C 000:097.014 - 0.342ms returns 0
T510C 000:097.035 JLINK_CORESIGHT_WriteAPDPReg(AP reg 0x03, 0x000000A5)
T510C 000:097.358 - 0.320ms returns 0
T510C 000:097.386 JLINK_CORESIGHT_WriteAPDPReg(AP reg 0x00, 0x80000002)
T510C 000:097.698 - 0.312ms returns 0
T510C 000:097.723 JLINK_CORESIGHT_WriteAPDPReg(AP reg 0x01, 0x80011100)
T510C 000:099.383 - 1.660ms returns 0
T510C 000:099.402 JLINK_CORESIGHT_ReadAPDPReg(AP reg 0x03)
T510C 000:099.801   Value=0x000000A5
T510C 000:099.820 - 0.418ms returns 0
T510C 000:099.836 JLINK_ClrTMS()
T510C 000:099.957 - 0.120ms
T510C 000:105.385 JLINK_SetTCK()
T510C 000:105.615 - 0.229ms returns 0
T510C 000:111.472 JLINK_SetRESET()
T510C 000:111.718 - 0.245ms
T510C 000:311.972 JLINK_CORESIGHT_WriteAPDPReg(AP reg 0x00, 0x80000002)
T510C 000:312.323 - 0.351ms returns 0
T510C 000:312.338 JLINK_CORESIGHT_WriteAPDPReg(AP reg 0x01, 0x80011100)
T510C 000:312.640 - 0.301ms returns 0
T510C 000:312.653 JLINK_CORESIGHT_ReadAPDPReg(AP reg 0x03)
T510C 000:312.962   Value=0x00000000
T510C 000:312.974 - 0.321ms returns 0
T510C 000:312.982 JLINK_CORESIGHT_WriteAPDPReg(AP reg 0x00, 0x80000002)
T510C 000:313.282 - 0.299ms returns 0
T510C 000:313.294 JLINK_CORESIGHT_WriteAPDPReg(AP reg 0x01, 0x80011140)
T510C 000:313.560 - 0.266ms returns 0
T510C 000:313.573 JLINK_CORESIGHT_ReadAPDPReg(AP reg 0x03)
T510C 000:313.842   Value=0x00000002
T510C 000:313.853 - 0.280ms returns 0
T510C 000:313.860 JLINK_CORESIGHT_WriteAPDPReg(AP reg 0x00, 0x80000002)
T510C 000:314.114 - 0.254ms returns 0
T510C 000:314.120 JLINK_CORESIGHT_WriteAPDPReg(AP reg 0x01, 0x80011120)
T510C 000:314.314 - 0.194ms returns 0
T510C 000:314.319 JLINK_CORESIGHT_WriteAPDPReg(AP reg 0x03, 0x00000055)
T510C 000:314.535 - 0.215ms returns 0
T510C 000:314.541 JLINK_CORESIGHT_WriteAPDPReg(AP reg 0x00, 0x80000002)
T510C 000:314.738 - 0.197ms returns 0
T510C 000:314.743 JLINK_CORESIGHT_WriteAPDPReg(AP reg 0x01, 0x80011140)
T510C 000:315.047 - 0.303ms returns 0
T510C 000:315.052 JLINK_CORESIGHT_ReadAPDPReg(AP reg 0x03)
T510C 000:315.286   Value=0x00000000
T510C 000:315.292 - 0.239ms returns 0
T510C 000:315.297 JLINK_CORESIGHT_WriteAPDPReg(AP reg 0x00, 0x80000002)
T510C 000:315.498 - 0.201ms returns 0
T510C 000:315.506 JLINK_CORESIGHT_WriteAPDPReg(AP reg 0x01, 0x80011130)
T510C 000:315.716 - 0.210ms returns 0
T510C 000:315.728 JLINK_CORESIGHT_ReadAPDPReg(AP reg 0x03)
T510C 000:316.093   Value=0x000000C6
T510C 000:316.099 - 0.371ms returns 0
T510C 000:316.109 JLINK_CORESIGHT_WriteAPDPReg(AP reg 0x00, 0x80000002)
T510C 000:316.306 - 0.197ms returns 0
T510C 000:316.311 JLINK_CORESIGHT_WriteAPDPReg(AP reg 0x01, 0x80011140)
T510C 000:316.512 - 0.200ms returns 0
T510C 000:316.517 JLINK_CORESIGHT_ReadAPDPReg(AP reg 0x03)
T510C 000:316.764   Value=0x00000002
T510C 000:316.771 - 0.253ms returns 0
T510C 000:316.777 JLINK_CORESIGHT_WriteAPDPReg(AP reg 0x00, 0x80000002)
T510C 000:317.053 - 0.275ms returns 0
T510C 000:317.062 JLINK_CORESIGHT_WriteAPDPReg(AP reg 0x01, 0x80011120)
T510C 000:317.263 - 0.200ms returns 0
T510C 000:317.268 JLINK_CORESIGHT_WriteAPDPReg(AP reg 0x03, 0x3A010001)
T510C 000:317.483 - 0.214ms returns 0
T510C 000:317.488 JLINK_CORESIGHT_WriteAPDPReg(AP reg 0x00, 0x80000002)
T510C 000:317.710 - 0.221ms returns 0
T510C 000:317.715 JLINK_CORESIGHT_WriteAPDPReg(AP reg 0x01, 0x80011140)
T510C 000:317.954 - 0.238ms returns 0
T510C 000:317.960 JLINK_CORESIGHT_ReadAPDPReg(AP reg 0x03)
T510C 000:318.243   Value=0x00000002
T510C 000:318.250 - 0.290ms returns 0
T510C 000:318.256 JLINK_CORESIGHT_WriteAPDPReg(AP reg 0x00, 0x80000002)
T510C 000:318.470 - 0.214ms returns 0
T510C 000:318.476 JLINK_CORESIGHT_WriteAPDPReg(AP reg 0x01, 0x80011120)
T510C 000:318.698 - 0.222ms returns 0
T510C 000:318.704 JLINK_CORESIGHT_WriteAPDPReg(AP reg 0x03, 0x000003C5)
T510C 000:318.907 - 0.203ms returns 0
T510C 000:318.913 JLINK_CORESIGHT_WriteAPDPReg(AP reg 0x00, 0x80000002)
T510C 000:319.183 - 0.270ms returns 0
T510C 000:319.189 JLINK_CORESIGHT_WriteAPDPReg(AP reg 0x01, 0x80011140)
T510C 000:319.395 - 0.205ms returns 0
T510C 000:319.400 JLINK_CORESIGHT_ReadAPDPReg(AP reg 0x03)
T510C 000:319.649   Value=0x00000002
T510C 000:319.656 - 0.255ms returns 0
T510C 000:319.661 JLINK_CORESIGHT_ReadAPDPReg(AP reg 0x03)
T510C 000:319.888   Value=0x00000002
T510C 000:319.895 - 0.233ms returns 0
T510C 000:319.900 JLINK_CORESIGHT_ReadAPDPReg(AP reg 0x03)
T510C 000:320.142   Value=0x00000002
T510C 000:320.148 - 0.248ms returns 0
T510C 000:320.154 JLINK_CORESIGHT_ReadAPDPReg(AP reg 0x03)
T510C 000:320.375   Value=0x00000002
T510C 000:320.381 - 0.227ms returns 0
T510C 000:320.386 JLINK_CORESIGHT_ReadAPDPReg(AP reg 0x03)
T510C 000:320.617   Value=0x00000002
T510C 000:320.624 - 0.237ms returns 0
T510C 000:320.629 JLINK_CORESIGHT_ReadAPDPReg(AP reg 0x03)
T510C 000:320.862   Value=0x00000002
T510C 000:320.872 - 0.243ms returns 0
T510C 000:320.879 JLINK_CORESIGHT_ReadAPDPReg(AP reg 0x03)
T510C 000:321.119   Value=0x00000002
T510C 000:321.128 - 0.248ms returns 0
T510C 000:321.136 JLINK_CORESIGHT_ReadAPDPReg(AP reg 0x03)
T510C 000:321.374   Value=0x00000002
T510C 000:321.383 - 0.248ms returns 0
T510C 000:321.390 JLINK_CORESIGHT_ReadAPDPReg(AP reg 0x03)
T510C 000:321.629   Value=0x00000002
T510C 000:321.637 - 0.246ms returns 0
T510C 000:321.644 JLINK_CORESIGHT_ReadAPDPReg(AP reg 0x03)
T510C 000:321.887   Value=0x00000002
T510C 000:321.896 - 0.252ms returns 0
T510C 000:321.903 JLINK_CORESIGHT_ReadAPDPReg(AP reg 0x03)
T510C 000:322.238   Value=0x00000002
T510C 000:322.254 - 0.351ms returns 0
T510C 000:322.261 JLINK_CORESIGHT_ReadAPDPReg(AP reg 0x03)
T510C 000:322.503   Value=0x00000002
T510C 000:322.512 - 0.250ms returns 0
T510C 000:322.519 JLINK_CORESIGHT_ReadAPDPReg(AP reg 0x03)
T510C 000:322.752   Value=0x00000000
T510C 000:322.761 - 0.241ms returns 0
T510C 000:322.768 JLINK_CORESIGHT_WriteAPDPReg(AP reg 0x00, 0x80000002)
T510C 000:322.982 - 0.214ms returns 0
T510C 000:322.990 JLINK_CORESIGHT_WriteAPDPReg(AP reg 0x01, 0x80011130)
T510C 000:323.191 - 0.201ms returns 0
T510C 000:323.200 JLINK_CORESIGHT_ReadAPDPReg(AP reg 0x03)
T510C 000:323.461   Value=0x3A2A0081
T510C 000:323.469 - 0.269ms returns 0
T510C 000:323.477 JLINK_CORESIGHT_WriteAPDPReg(AP reg 0x00, 0x80000002)
T510C 000:323.686 - 0.209ms returns 0
T510C 000:323.695 JLINK_CORESIGHT_WriteAPDPReg(AP reg 0x01, 0x80011140)
T510C 000:323.905 - 0.210ms returns 0
T510C 000:323.919 JLINK_CORESIGHT_ReadAPDPReg(AP reg 0x03)
T510C 000:324.194   Value=0x00000000
T510C 000:324.207 - 0.288ms returns 0
T510C 000:324.216 JLINK_CORESIGHT_WriteAPDPReg(AP reg 0x00, 0x80000002)
T510C 000:324.424 - 0.207ms returns 0
T510C 000:324.432 JLINK_CORESIGHT_WriteAPDPReg(AP reg 0x01, 0x80011130)
T510C 000:324.630 - 0.198ms returns 0
T510C 000:324.637 JLINK_CORESIGHT_ReadAPDPReg(AP reg 0x03)
T510C 000:324.933   Value=0x808D5B00
T510C 000:324.940 - 0.302ms returns 0
T510C 000:324.947 JLINK_CORESIGHT_WriteAPDPReg(AP reg 0x00, 0x80000002)
T510C 000:325.174 - 0.227ms returns 0
T510C 000:325.182 JLINK_CORESIGHT_WriteAPDPReg(AP reg 0x01, 0x80011140)
T510C 000:325.406 - 0.223ms returns 0
T510C 000:325.414 JLINK_CORESIGHT_ReadAPDPReg(AP reg 0x03)
T510C 000:325.718   Value=0x00000000
T510C 000:325.725 - 0.311ms returns 0
T510C 000:325.733 JLINK_CORESIGHT_WriteAPDPReg(AP reg 0x00, 0x80000002)
T510C 000:326.055 - 0.322ms returns 0
T510C 000:326.062 JLINK_CORESIGHT_WriteAPDPReg(AP reg 0x01, 0x80011130)
T510C 000:326.305 - 0.243ms returns 0
T510C 000:326.313 JLINK_CORESIGHT_ReadAPDPReg(AP reg 0x03)
T510C 000:326.570   Value=0x0603030B
T510C 000:326.577 - 0.263ms returns 0
T510C 000:326.584 JLINK_CORESIGHT_WriteAPDPReg(AP reg 0x00, 0x80000002)
T510C 000:326.814 - 0.230ms returns 0
T510C 000:326.822 JLINK_CORESIGHT_WriteAPDPReg(AP reg 0x01, 0x80011140)
T510C 000:327.050 - 0.228ms returns 0
T510C 000:327.058 JLINK_CORESIGHT_ReadAPDPReg(AP reg 0x03)
T510C 000:327.316   Value=0x00000000
T510C 000:327.322 - 0.264ms returns 0
T510C 000:327.329 JLINK_CORESIGHT_WriteAPDPReg(AP reg 0x00, 0x80000002)
T510C 000:327.535 - 0.206ms returns 0
T510C 000:327.542 JLINK_CORESIGHT_WriteAPDPReg(AP reg 0x01, 0x80011130)
T510C 000:327.785 - 0.242ms returns 0
T510C 000:327.792 JLINK_CORESIGHT_ReadAPDPReg(AP reg 0x03)
T510C 000:328.050   Value=0x2E4B4E20
T510C 000:328.056 - 0.264ms returns 0
T510C 000:328.063 JLINK_CORESIGHT_WriteAPDPReg(AP reg 0x00, 0x80000002)
T510C 000:328.265 - 0.201ms returns 0
T510C 000:328.272 JLINK_CORESIGHT_WriteAPDPReg(AP reg 0x01, 0x80011140)
T510C 000:328.520 - 0.248ms returns 0
T510C 000:328.528 JLINK_CORESIGHT_ReadAPDPReg(AP reg 0x03)
T510C 000:328.785   Value=0x00000000
T510C 000:328.792 - 0.264ms returns 0
T510C 000:328.798 JLINK_CORESIGHT_WriteAPDPReg(AP reg 0x00, 0x80000002)
T510C 000:329.050 - 0.252ms returns 0
T510C 000:329.065 JLINK_CORESIGHT_WriteAPDPReg(AP reg 0x01, 0x80011130)
T510C 000:329.311 - 0.246ms returns 0
T510C 000:329.320 JLINK_CORESIGHT_ReadAPDPReg(AP reg 0x03)
T510C 000:329.577   Value=0x4EFDA692
T510C 000:329.583 - 0.263ms returns 0
T510C 000:329.590 JLINK_CORESIGHT_WriteAPDPReg(AP reg 0x00, 0x80000002)
T510C 000:329.794 - 0.204ms returns 0
T510C 000:329.801 JLINK_CORESIGHT_WriteAPDPReg(AP reg 0x01, 0x80011140)
T510C 000:330.050 - 0.249ms returns 0
T510C 000:330.058 JLINK_CORESIGHT_ReadAPDPReg(AP reg 0x03)
T510C 000:330.311   Value=0x00000000
T510C 000:330.317 - 0.259ms returns 0
T510C 000:330.324 JLINK_CORESIGHT_WriteAPDPReg(AP reg 0x00, 0x80000002)
T510C 000:330.529 - 0.204ms returns 0
T510C 000:330.536 JLINK_CORESIGHT_WriteAPDPReg(AP reg 0x01, 0x80011130)
T510C 000:330.782 - 0.245ms returns 0
T510C 000:330.790 JLINK_CORESIGHT_ReadAPDPReg(AP reg 0x03)
T510C 000:331.051   Value=0x34503036
T510C 000:331.058 - 0.268ms returns 0
T510C 000:331.066 JLINK_CORESIGHT_WriteAPDPReg(AP reg 0x00, 0x80000002)
T510C 000:331.262 - 0.196ms returns 0
T510C 000:331.270 JLINK_CORESIGHT_WriteAPDPReg(AP reg 0x01, 0x80011140)
T510C 000:331.511 - 0.241ms returns 0
T510C 000:331.518 JLINK_CORESIGHT_ReadAPDPReg(AP reg 0x03)
T510C 000:331.767   Value=0x00000000
T510C 000:331.774 - 0.255ms returns 0
T510C 000:331.781 JLINK_CORESIGHT_WriteAPDPReg(AP reg 0x00, 0x80000002)
T510C 000:331.981 - 0.199ms returns 0
T510C 000:331.988 JLINK_CORESIGHT_WriteAPDPReg(AP reg 0x01, 0x80011130)
T510C 000:332.233 - 0.244ms returns 0
T510C 000:332.240 JLINK_CORESIGHT_ReadAPDPReg(AP reg 0x03)
T510C 000:332.502   Value=0x79142D36
T510C 000:332.508 - 0.267ms returns 0
T510C 000:332.515 JLINK_CORESIGHT_WriteAPDPReg(AP reg 0x00, 0x80000002)
T510C 000:332.721 - 0.205ms returns 0
T510C 000:332.730 JLINK_CORESIGHT_WriteAPDPReg(AP reg 0x01, 0x80011140)
T510C 000:332.975 - 0.245ms returns 0
T510C 000:332.984 JLINK_CORESIGHT_ReadAPDPReg(AP reg 0x03)
T510C 000:333.227   Value=0x00000000
T510C 000:333.233 - 0.249ms returns 0
T510C 000:333.240 JLINK_CORESIGHT_WriteAPDPReg(AP reg 0x00, 0x80000002)
T510C 000:333.440 - 0.200ms returns 0
T510C 000:333.448 JLINK_CORESIGHT_WriteAPDPReg(AP reg 0x01, 0x80011130)
T510C 000:333.701 - 0.253ms returns 0
T510C 000:333.710 JLINK_CORESIGHT_ReadAPDPReg(AP reg 0x03)
T510C 000:333.961   Value=0x46375296
T510C 000:333.968 - 0.258ms returns 0
T510C 000:333.975 JLINK_CORESIGHT_WriteAPDPReg(AP reg 0x00, 0x80000002)
T510C 000:334.176 - 0.201ms returns 0
T510C 000:334.185 JLINK_CORESIGHT_WriteAPDPReg(AP reg 0x01, 0x80011140)
T510C 000:334.439 - 0.254ms returns 0
T510C 000:334.448 JLINK_CORESIGHT_ReadAPDPReg(AP reg 0x03)
T510C 000:334.708   Value=0x00000000
T510C 000:334.715 - 0.267ms returns 0
T510C 000:334.722 JLINK_CORESIGHT_WriteAPDPReg(AP reg 0x00, 0x80000002)
T510C 000:334.931 - 0.208ms returns 0
T510C 000:334.938 JLINK_CORESIGHT_WriteAPDPReg(AP reg 0x01, 0x80011130)
T510C 000:335.184 - 0.245ms returns 0
T510C 000:335.191 JLINK_CORESIGHT_ReadAPDPReg(AP reg 0x03)
T510C 000:335.440   Value=0x314D3841
T510C 000:335.446 - 0.255ms returns 0
T510C 000:335.453 JLINK_CORESIGHT_WriteAPDPReg(AP reg 0x00, 0x80000002)
T510C 000:335.659 - 0.205ms returns 0
T510C 000:335.667 JLINK_CORESIGHT_WriteAPDPReg(AP reg 0x01, 0x80011140)
T510C 000:335.912 - 0.245ms returns 0
T510C 000:335.921 JLINK_CORESIGHT_ReadAPDPReg(AP reg 0x03)
T510C 000:336.281   Value=0x00000000
T510C 000:336.288 - 0.367ms returns 0
T510C 000:336.295 JLINK_CORESIGHT_WriteAPDPReg(AP reg 0x00, 0x80000002)
T510C 000:336.496 - 0.200ms returns 0
T510C 000:336.504 JLINK_CORESIGHT_WriteAPDPReg(AP reg 0x01, 0x80011130)
T510C 000:336.766 - 0.262ms returns 0
T510C 000:336.774 JLINK_CORESIGHT_ReadAPDPReg(AP reg 0x03)
T510C 000:337.052   Value=0x43454841
T510C 000:337.059 - 0.285ms returns 0
T510C 000:337.066 JLINK_CORESIGHT_WriteAPDPReg(AP reg 0x00, 0x80000002)
T510C 000:337.274 - 0.207ms returns 0
T510C 000:337.281 JLINK_CORESIGHT_WriteAPDPReg(AP reg 0x01, 0x80011140)
T510C 000:337.523 - 0.242ms returns 0
T510C 000:337.531 JLINK_CORESIGHT_ReadAPDPReg(AP reg 0x03)
T510C 000:337.825   Value=0x00000000
T510C 000:337.835 - 0.303ms returns 0
T510C 000:337.842 JLINK_CORESIGHT_WriteAPDPReg(AP reg 0x00, 0x80000002)
T510C 000:338.051 - 0.209ms returns 0
T510C 000:338.059 JLINK_CORESIGHT_WriteAPDPReg(AP reg 0x01, 0x80011130)
T510C 000:338.266 - 0.206ms returns 0
T510C 000:338.273 JLINK_CORESIGHT_ReadAPDPReg(AP reg 0x03)
T510C 000:338.510   Value=0x20204442
T510C 000:338.516 - 0.243ms returns 0
T510C 000:338.524 JLINK_CORESIGHT_WriteAPDPReg(AP reg 0x00, 0x80000002)
T510C 000:338.740 - 0.216ms returns 0
T510C 000:338.749 JLINK_CORESIGHT_WriteAPDPReg(AP reg 0x01, 0x80011140)
T510C 000:339.051 - 0.302ms returns 0
T510C 000:339.059 JLINK_CORESIGHT_ReadAPDPReg(AP reg 0x03)
T510C 000:339.336   Value=0x00000000
T510C 000:339.354 - 0.295ms returns 0
T510C 000:339.367 JLINK_CORESIGHT_WriteAPDPReg(AP reg 0x00, 0x80000002)
T510C 000:339.609 - 0.243ms returns 0
T510C 000:339.618 JLINK_CORESIGHT_WriteAPDPReg(AP reg 0x01, 0x80011130)
T510C 000:339.825 - 0.207ms returns 0
T510C 000:339.833 JLINK_CORESIGHT_ReadAPDPReg(AP reg 0x03)
T510C 000:340.090   Value=0x00038620
T510C 000:340.096 - 0.263ms returns 0
T510C 000:340.366 JLINK_CORESIGHT_WriteAPDPReg(AP reg 0x00, 0x80000002)
T510C 000:340.569 - 0.202ms returns 0
T510C 000:340.574 JLINK_CORESIGHT_WriteAPDPReg(AP reg 0x01, 0x80011140)
T510C 000:340.771 - 0.197ms returns 0
T510C 000:340.777 JLINK_CORESIGHT_ReadAPDPReg(AP reg 0x03)
T510C 000:341.065   Value=0x00000002
T510C 000:341.071 - 0.294ms returns 0
T510C 000:341.077 JLINK_CORESIGHT_WriteAPDPReg(AP reg 0x00, 0x80000002)
T510C 000:341.293 - 0.216ms returns 0
T510C 000:341.306 JLINK_CORESIGHT_WriteAPDPReg(AP reg 0x01, 0x80011120)
T510C 000:341.543 - 0.237ms returns 0
T510C 000:341.565 JLINK_CORESIGHT_WriteAPDPReg(AP reg 0x03, 0x2C010001)
T510C 000:341.804 - 0.239ms returns 0
T510C 000:341.818 JLINK_CORESIGHT_WriteAPDPReg(AP reg 0x00, 0x80000002)
T510C 000:342.068 - 0.250ms returns 0
T510C 000:342.082 JLINK_CORESIGHT_WriteAPDPReg(AP reg 0x01, 0x80011140)
T510C 000:342.364 - 0.282ms returns 0
T510C 000:342.379 JLINK_CORESIGHT_ReadAPDPReg(AP reg 0x03)
T510C 000:342.673   Value=0x00000002
T510C 000:342.688 - 0.309ms returns 0
T510C 000:342.700 JLINK_CORESIGHT_WriteAPDPReg(AP reg 0x00, 0x80000002)
T510C 000:342.943 - 0.242ms returns 0
T510C 000:342.956 JLINK_CORESIGHT_WriteAPDPReg(AP reg 0x01, 0x80011120)
T510C 000:343.200 - 0.244ms returns 0
T510C 000:343.214 JLINK_CORESIGHT_WriteAPDPReg(AP reg 0x03, 0x000003D3)
T510C 000:343.454 - 0.240ms returns 0
T510C 000:343.468 JLINK_CORESIGHT_WriteAPDPReg(AP reg 0x00, 0x80000002)
T510C 000:343.712 - 0.244ms returns 0
T510C 000:343.726 JLINK_CORESIGHT_WriteAPDPReg(AP reg 0x01, 0x80011140)
T510C 000:343.967 - 0.241ms returns 0
T510C 000:343.982 JLINK_CORESIGHT_ReadAPDPReg(AP reg 0x03)
T510C 000:344.269   Value=0x00000002
T510C 000:344.284 - 0.302ms returns 0
T510C 000:344.296 JLINK_CORESIGHT_ReadAPDPReg(AP reg 0x03)
T510C 000:344.567   Value=0x00000002
T510C 000:344.583 - 0.286ms returns 0
T510C 000:344.595 JLINK_CORESIGHT_ReadAPDPReg(AP reg 0x03)
T510C 000:344.855   Value=0x00000002
T510C 000:344.870 - 0.275ms returns 0
T510C 000:344.882 JLINK_CORESIGHT_ReadAPDPReg(AP reg 0x03)
T510C 000:345.159   Value=0x00000002
T510C 000:345.174 - 0.291ms returns 0
T510C 000:345.186 JLINK_CORESIGHT_ReadAPDPReg(AP reg 0x03)
T510C 000:345.449   Value=0x00000002
T510C 000:345.466 - 0.279ms returns 0
T510C 000:345.478 JLINK_CORESIGHT_ReadAPDPReg(AP reg 0x03)
T510C 000:345.750   Value=0x00000002
T510C 000:345.765 - 0.287ms returns 0
T510C 000:345.778 JLINK_CORESIGHT_ReadAPDPReg(AP reg 0x03)
T510C 000:346.068   Value=0x00000000
T510C 000:346.084 - 0.306ms returns 0
T510C 000:346.096 JLINK_CORESIGHT_WriteAPDPReg(AP reg 0x00, 0x80000002)
T510C 000:346.332 - 0.235ms returns 0
T510C 000:346.345 JLINK_CORESIGHT_WriteAPDPReg(AP reg 0x01, 0x80011130)
T510C 000:346.672 - 0.327ms returns 0
T510C 000:346.688 JLINK_CORESIGHT_ReadAPDPReg(AP reg 0x03)
T510C 000:346.958   Value=0x2C020081
T510C 000:346.964 - 0.276ms returns 0
T510C 000:347.007 JLINK_CORESIGHT_WriteAPDPReg(AP reg 0x00, 0x80000002)
T510C 000:347.203 - 0.197ms returns 0
T510C 000:347.209 JLINK_CORESIGHT_WriteAPDPReg(AP reg 0x01, 0x80011140)
T510C 000:347.413 - 0.203ms returns 0
T510C 000:347.419 JLINK_CORESIGHT_ReadAPDPReg(AP reg 0x03)
T510C 000:347.648   Value=0x00000000
T510C 000:347.654 - 0.235ms returns 0
T510C 000:347.659 JLINK_CORESIGHT_WriteAPDPReg(AP reg 0x00, 0x80000002)
T510C 000:347.861 - 0.201ms returns 0
T510C 000:347.867 JLINK_CORESIGHT_WriteAPDPReg(AP reg 0x01, 0x80011130)
T510C 000:348.051 - 0.184ms returns 0
T510C 000:348.058 JLINK_CORESIGHT_ReadAPDPReg(AP reg 0x03)
T510C 000:348.306   Value=0x0003CE04
T510C 000:348.313 - 0.255ms returns 0
T510C 000:348.321 JLINK_CORESIGHT_WriteAPDPReg(AP reg 0x00, 0x80000002)
T510C 000:348.518 - 0.197ms returns 0
T510C 000:348.524 JLINK_CORESIGHT_WriteAPDPReg(AP reg 0x01, 0x80011140)
T510C 000:348.733 - 0.208ms returns 0
T510C 000:348.739 JLINK_CORESIGHT_ReadAPDPReg(AP reg 0x03)
T510C 000:349.054   Value=0x00000002
T510C 000:349.061 - 0.321ms returns 0
T510C 000:349.085 JLINK_CORESIGHT_WriteAPDPReg(AP reg 0x00, 0x80000002)
T510C 000:349.292 - 0.206ms returns 0
T510C 000:349.298 JLINK_CORESIGHT_WriteAPDPReg(AP reg 0x01, 0x80011120)
T510C 000:349.504 - 0.205ms returns 0
T510C 000:349.510 JLINK_CORESIGHT_WriteAPDPReg(AP reg 0x03, 0x73010001)
T510C 000:349.727 - 0.216ms returns 0
T510C 000:349.733 JLINK_CORESIGHT_WriteAPDPReg(AP reg 0x00, 0x80000002)
T510C 000:349.939 - 0.206ms returns 0
T510C 000:349.945 JLINK_CORESIGHT_WriteAPDPReg(AP reg 0x01, 0x80011140)
T510C 000:350.187 - 0.241ms returns 0
T510C 000:350.200 JLINK_CORESIGHT_ReadAPDPReg(AP reg 0x03)
T510C 000:350.492   Value=0x00000002
T510C 000:350.508 - 0.308ms returns 0
T510C 000:350.521 JLINK_CORESIGHT_WriteAPDPReg(AP reg 0x00, 0x80000002)
T510C 000:350.766 - 0.245ms returns 0
T510C 000:350.781 JLINK_CORESIGHT_WriteAPDPReg(AP reg 0x01, 0x80011120)
T510C 000:351.070 - 0.289ms returns 0
T510C 000:351.085 JLINK_CORESIGHT_WriteAPDPReg(AP reg 0x03, 0x0000038C)
T510C 000:351.325 - 0.240ms returns 0
T510C 000:351.340 JLINK_CORESIGHT_WriteAPDPReg(AP reg 0x00, 0x80000002)
T510C 000:351.581 - 0.241ms returns 0
T510C 000:351.600 JLINK_CORESIGHT_WriteAPDPReg(AP reg 0x01, 0x80011140)
T510C 000:351.826 - 0.226ms returns 0
T510C 000:351.842 JLINK_CORESIGHT_ReadAPDPReg(AP reg 0x03)
T510C 000:352.136   Value=0x00000002
T510C 000:352.152 - 0.310ms returns 0
T510C 000:352.182 JLINK_CORESIGHT_ReadAPDPReg(AP reg 0x03)
T510C 000:352.454   Value=0x00000002
T510C 000:352.471 - 0.288ms returns 0
T510C 000:352.484 JLINK_CORESIGHT_ReadAPDPReg(AP reg 0x03)
T510C 000:352.762   Value=0x00000002
T510C 000:352.776 - 0.292ms returns 0
T510C 000:352.788 JLINK_CORESIGHT_ReadAPDPReg(AP reg 0x03)
T510C 000:353.068   Value=0x00000002
T510C 000:353.083 - 0.294ms returns 0
T510C 000:353.095 JLINK_CORESIGHT_ReadAPDPReg(AP reg 0x03)
T510C 000:353.356   Value=0x00000002
T510C 000:353.371 - 0.275ms returns 0
T510C 000:353.383 JLINK_CORESIGHT_ReadAPDPReg(AP reg 0x03)
T510C 000:353.646   Value=0x00000002
T510C 000:353.661 - 0.277ms returns 0
T510C 000:353.673 JLINK_CORESIGHT_ReadAPDPReg(AP reg 0x03)
T510C 000:353.938   Value=0x00000002
T510C 000:353.952 - 0.279ms returns 0
T510C 000:353.965 JLINK_CORESIGHT_ReadAPDPReg(AP reg 0x03)
T510C 000:354.243   Value=0x00000000
T510C 000:354.258 - 0.293ms returns 0
T510C 000:354.271 JLINK_CORESIGHT_WriteAPDPReg(AP reg 0x00, 0x80000002)
T510C 000:354.512 - 0.241ms returns 0
T510C 000:354.525 JLINK_CORESIGHT_WriteAPDPReg(AP reg 0x01, 0x80011130)
T510C 000:354.827 - 0.302ms returns 0
T510C 000:354.841 JLINK_CORESIGHT_ReadAPDPReg(AP reg 0x03)
T510C 000:355.119   Value=0x73020081
T510C 000:355.125 - 0.284ms returns 0
T510C 000:355.130 JLINK_CORESIGHT_WriteAPDPReg(AP reg 0x00, 0x80000002)
T510C 000:355.333 - 0.202ms returns 0
T510C 000:355.339 JLINK_CORESIGHT_WriteAPDPReg(AP reg 0x01, 0x80011140)
T510C 000:355.580 - 0.239ms returns 0
T510C 000:355.653 JLINK_CORESIGHT_ReadAPDPReg(AP reg 0x03)
T510C 000:356.321   Value=0x00000000
T510C 000:356.352 - 0.699ms returns 0
T510C 000:356.392 JLINK_CORESIGHT_WriteAPDPReg(AP reg 0x00, 0x80000002)
T510C 000:357.043 - 0.651ms returns 0
T510C 000:357.057 JLINK_CORESIGHT_WriteAPDPReg(AP reg 0x01, 0x80011130)
T510C 000:357.305 - 0.248ms returns 0
T510C 000:357.312 JLINK_CORESIGHT_ReadAPDPReg(AP reg 0x03)
T510C 000:357.561   Value=0x00038902
T510C 000:357.567 - 0.255ms returns 0
T510C 000:357.576 JLINK_CORESIGHT_WriteAPDPReg(AP reg 0x00, 0x80000002)
T510C 000:357.778 - 0.202ms returns 0
T510C 000:357.784 JLINK_CORESIGHT_WriteAPDPReg(AP reg 0x01, 0x80011140)
T510C 000:358.049 - 0.265ms returns 0
T510C 000:358.055 JLINK_CORESIGHT_ReadAPDPReg(AP reg 0x03)
T510C 000:358.451   Value=0x00000002
T510C 000:358.467 - 0.411ms returns 0
T510C 000:358.475 JLINK_CORESIGHT_WriteAPDPReg(AP reg 0x00, 0x80000002)
T510C 000:358.690 - 0.215ms returns 0
T510C 000:358.696 JLINK_CORESIGHT_WriteAPDPReg(AP reg 0x01, 0x80011120)
T510C 000:360.410 - 1.712ms returns 0
T510C 000:360.422 JLINK_CORESIGHT_WriteAPDPReg(AP reg 0x03, 0x75010001)
T510C 000:360.677 - 0.254ms returns 0
T510C 000:360.683 JLINK_CORESIGHT_WriteAPDPReg(AP reg 0x00, 0x80000002)
T510C 000:360.888 - 0.204ms returns 0
T510C 000:360.893 JLINK_CORESIGHT_WriteAPDPReg(AP reg 0x01, 0x80011140)
T510C 000:361.117 - 0.224ms returns 0
T510C 000:361.123 JLINK_CORESIGHT_ReadAPDPReg(AP reg 0x03)
T510C 000:361.380   Value=0x00000002
T510C 000:361.386 - 0.263ms returns 0
T510C 000:361.391 JLINK_CORESIGHT_WriteAPDPReg(AP reg 0x00, 0x80000002)
T510C 000:361.598 - 0.207ms returns 0
T510C 000:361.604 JLINK_CORESIGHT_WriteAPDPReg(AP reg 0x01, 0x80011120)
T510C 000:361.813 - 0.209ms returns 0
T510C 000:361.819 JLINK_CORESIGHT_WriteAPDPReg(AP reg 0x03, 0x0000038A)
T510C 000:362.051 - 0.232ms returns 0
T510C 000:362.056 JLINK_CORESIGHT_WriteAPDPReg(AP reg 0x00, 0x80000002)
T510C 000:362.263 - 0.206ms returns 0
T510C 000:362.268 JLINK_CORESIGHT_WriteAPDPReg(AP reg 0x01, 0x80011140)
T510C 000:362.469 - 0.201ms returns 0
T510C 000:362.474 JLINK_CORESIGHT_ReadAPDPReg(AP reg 0x03)
T510C 000:362.728   Value=0x00000000
T510C 000:362.734 - 0.259ms returns 0
T510C 000:362.739 JLINK_CORESIGHT_WriteAPDPReg(AP reg 0x00, 0x80000002)
T510C 000:362.946 - 0.206ms returns 0
T510C 000:362.952 JLINK_CORESIGHT_WriteAPDPReg(AP reg 0x01, 0x80011130)
T510C 000:363.176 - 0.224ms returns 0
T510C 000:363.181 JLINK_CORESIGHT_ReadAPDPReg(AP reg 0x03)
T510C 000:363.442   Value=0x75020081
T510C 000:363.447 - 0.266ms returns 0
T510C 000:363.452 JLINK_CORESIGHT_WriteAPDPReg(AP reg 0x00, 0x80000002)
T510C 000:363.652 - 0.200ms returns 0
T510C 000:363.658 JLINK_CORESIGHT_WriteAPDPReg(AP reg 0x01, 0x80011140)
T510C 000:363.886 - 0.228ms returns 0
T510C 000:363.900 JLINK_CORESIGHT_ReadAPDPReg(AP reg 0x03)
T510C 000:364.276   Value=0x00000000
T510C 000:364.291 - 0.391ms returns 0
T510C 000:364.304 JLINK_CORESIGHT_WriteAPDPReg(AP reg 0x00, 0x80000002)
T510C 000:364.546 - 0.242ms returns 0
T510C 000:364.560 JLINK_CORESIGHT_WriteAPDPReg(AP reg 0x01, 0x80011130)
T510C 000:364.799 - 0.239ms returns 0
T510C 000:364.813 JLINK_CORESIGHT_ReadAPDPReg(AP reg 0x03)
T510C 000:365.108   Value=0x00038702
T510C 000:365.123 - 0.310ms returns 0
T510C 000:365.148 JLINK_CORESIGHT_WriteAPDPReg(AP reg 0x00, 0x80000002)
T510C 000:365.394 - 0.245ms returns 0
T510C 000:365.415 JLINK_CORESIGHT_WriteAPDPReg(AP reg 0x01, 0x80011140)
T510C 000:365.654 - 0.239ms returns 0
T510C 000:365.668 JLINK_CORESIGHT_ReadAPDPReg(AP reg 0x03)
T510C 000:365.954   Value=0x00000002
T510C 000:365.969 - 0.301ms returns 0
T510C 000:365.981 JLINK_CORESIGHT_WriteAPDPReg(AP reg 0x00, 0x80000002)
T510C 000:366.221 - 0.239ms returns 0
T510C 000:366.234 JLINK_CORESIGHT_WriteAPDPReg(AP reg 0x01, 0x80011120)
T510C 000:366.491 - 0.253ms returns 0
T510C 000:366.511 JLINK_CORESIGHT_WriteAPDPReg(AP reg 0x03, 0x4F010001)
T510C 000:366.797 - 0.286ms returns 0
T510C 000:366.815 JLINK_CORESIGHT_WriteAPDPReg(AP reg 0x00, 0x80000002)
T510C 000:367.051 - 0.236ms returns 0
T510C 000:367.059 JLINK_CORESIGHT_WriteAPDPReg(AP reg 0x01, 0x80011140)
T510C 000:367.268 - 0.209ms returns 0
T510C 000:367.277 JLINK_CORESIGHT_ReadAPDPReg(AP reg 0x03)
T510C 000:367.512   Value=0x00000002
T510C 000:367.520 - 0.242ms returns 0
T510C 000:367.528 JLINK_CORESIGHT_WriteAPDPReg(AP reg 0x00, 0x80000002)
T510C 000:367.736 - 0.207ms returns 0
T510C 000:367.745 JLINK_CORESIGHT_WriteAPDPReg(AP reg 0x01, 0x80011120)
T510C 000:367.949 - 0.203ms returns 0
T510C 000:367.956 JLINK_CORESIGHT_WriteAPDPReg(AP reg 0x03, 0x000003B0)
T510C 000:368.176 - 0.219ms returns 0
T510C 000:368.184 JLINK_CORESIGHT_WriteAPDPReg(AP reg 0x00, 0x80000002)
T510C 000:368.392 - 0.208ms returns 0
T510C 000:368.401 JLINK_CORESIGHT_WriteAPDPReg(AP reg 0x01, 0x80011140)
T510C 000:368.612 - 0.211ms returns 0
T510C 000:368.622 JLINK_CORESIGHT_ReadAPDPReg(AP reg 0x03)
T510C 000:368.860   Value=0x00000002
T510C 000:368.869 - 0.247ms returns 0
T510C 000:368.877 JLINK_CORESIGHT_ReadAPDPReg(AP reg 0x03)
T510C 000:369.119   Value=0x00000002
T510C 000:369.130 - 0.252ms returns 0
T510C 000:369.137 JLINK_CORESIGHT_ReadAPDPReg(AP reg 0x03)
T510C 000:369.392   Value=0x00000002
T510C 000:369.400 - 0.263ms returns 0
T510C 000:369.408 JLINK_CORESIGHT_ReadAPDPReg(AP reg 0x03)
T510C 000:369.683   Value=0x00000000
T510C 000:369.691 - 0.282ms returns 0
T510C 000:369.698 JLINK_CORESIGHT_WriteAPDPReg(AP reg 0x00, 0x80000002)
T510C 000:369.903 - 0.205ms returns 0
T510C 000:369.911 JLINK_CORESIGHT_WriteAPDPReg(AP reg 0x01, 0x80011130)
T510C 000:370.092 - 0.181ms returns 0
T510C 000:370.100 JLINK_CORESIGHT_ReadAPDPReg(AP reg 0x03)
T510C 000:370.395   Value=0x4F0B0081
T510C 000:370.403 - 0.302ms returns 0
T510C 000:370.410 JLINK_CORESIGHT_WriteAPDPReg(AP reg 0x00, 0x80000002)
T510C 000:370.626 - 0.216ms returns 0
T510C 000:370.635 JLINK_CORESIGHT_WriteAPDPReg(AP reg 0x01, 0x80011140)
T510C 000:370.862 - 0.226ms returns 0
T510C 000:370.871 JLINK_CORESIGHT_ReadAPDPReg(AP reg 0x03)
T510C 000:371.117   Value=0x00000000
T510C 000:371.123 - 0.252ms returns 0
T510C 000:371.130 JLINK_CORESIGHT_WriteAPDPReg(AP reg 0x00, 0x80000002)
T510C 000:371.332 - 0.202ms returns 0
T510C 000:371.340 JLINK_CORESIGHT_WriteAPDPReg(AP reg 0x01, 0x80011130)
T510C 000:371.545 - 0.205ms returns 0
T510C 000:371.552 JLINK_CORESIGHT_ReadAPDPReg(AP reg 0x03)
T510C 000:371.848   Value=0x20000000
T510C 000:371.854 - 0.302ms returns 0
T510C 000:371.862 JLINK_CORESIGHT_WriteAPDPReg(AP reg 0x00, 0x80000002)
T510C 000:372.042 - 0.180ms returns 0
T510C 000:372.049 JLINK_CORESIGHT_WriteAPDPReg(AP reg 0x01, 0x80011140)
T510C 000:372.221 - 0.172ms returns 0
T510C 000:372.228 JLINK_CORESIGHT_ReadAPDPReg(AP reg 0x03)
T510C 000:372.839   Value=0x00000000
T510C 000:372.845 - 0.616ms returns 0
T510C 000:372.852 JLINK_CORESIGHT_WriteAPDPReg(AP reg 0x00, 0x80000002)
T510C 000:373.042 - 0.190ms returns 0
T510C 000:373.049 JLINK_CORESIGHT_WriteAPDPReg(AP reg 0x01, 0x80011130)
T510C 000:373.637 - 0.587ms returns 0
T510C 000:373.646 JLINK_CORESIGHT_ReadAPDPReg(AP reg 0x03)
T510C 000:374.098   Value=0x00000000
T510C 000:374.104 - 0.458ms returns 0
T510C 000:374.111 JLINK_CORESIGHT_WriteAPDPReg(AP reg 0x00, 0x80000002)
T510C 000:376.245 - 2.131ms returns 0
T510C 000:376.258 JLINK_CORESIGHT_WriteAPDPReg(AP reg 0x01, 0x80011140)
T510C 000:376.413 - 0.155ms returns 0
T510C 000:376.421 JLINK_CORESIGHT_ReadAPDPReg(AP reg 0x03)
T510C 000:376.808   Value=0x00000000
T510C 000:376.814 - 0.393ms returns 0
T510C 000:376.821 JLINK_CORESIGHT_WriteAPDPReg(AP reg 0x00, 0x80000002)
T510C 000:377.724 - 0.904ms returns 0
T510C 000:377.732 JLINK_CORESIGHT_WriteAPDPReg(AP reg 0x01, 0x80011130)
T510C 000:377.889 - 0.157ms returns 0
T510C 000:378.383 JLINK_CORESIGHT_ReadAPDPReg(AP reg 0x03)
T510C 000:379.009   Value=0x03860000
T510C 000:379.016 - 0.633ms returns 0
T510C 000:379.064 JLINK_CORESIGHT_ReadAPDPReg(DP reg 0x01)
T510C 000:379.458   Value=0xF0000F40
T510C 000:379.464 - 0.400ms returns 0
T510C 000:379.469 JLINK_CORESIGHT_WriteAPDPReg(DP reg 0x01, 0xA0000F40)
T510C 000:381.279 - 1.809ms returns 0
T510C 000:381.300 JLINK_CORESIGHT_ReadAPDPReg(DP reg 0x01)
T510C 000:381.528   Value=0x00000F40
T510C 000:381.541 - 0.241ms returns 0
T510C 000:381.552 JLINK_ClrRESET()
T510C 000:381.732 - 0.180ms
T510C 000:486.459 JLINK_Close()
T510C 000:498.248 - 11.791ms
T510C 000:498.283   
T510C 000:498.292   Closed
